2025-12-19 18:00:56 - ojs_builder - [32mINFO[0m - setup_logger:78 - Logging to file: C:\github-projects\OJS_Script_maker_NG\tournament_builder_20251219_180056.log
2025-12-19 18:00:56 - ojs_builder - [32mINFO[0m - main:45 - === OJS Tournament Folder Builder ===
2025-12-19 18:00:56 - ojs_builder - [32mINFO[0m - main:46 - Working directory: c:\github-projects\OJS_Script_maker_NG\2025-all
2025-12-19 18:00:56 - ojs_builder - [32mINFO[0m - load_json_without_notes:54 - Successfully loaded configuration from c:\github-projects\OJS_Script_maker_NG\2025-all\season.json
2025-12-19 18:00:56 - ojs_builder - [32mINFO[0m - main:77 - ✓ script_maker-win.exe
2025-12-19 18:00:56 - ojs_builder - [32mINFO[0m - main:77 - ✓ script_maker-mac
2025-12-19 18:00:56 - ojs_builder - [32mINFO[0m - main:77 - ✓ script_template.html.jinja
2025-12-19 18:00:56 - ojs_builder - [32mINFO[0m - main:77 - ✓ instructions.pdf
2025-12-19 18:00:56 - ojs_builder - [32mINFO[0m - main:83 - Loading tournament data from c:\github-projects\OJS_Script_maker_NG\2025-all\2025-FLL-Qualifier-Tournaments.xlsx
2025-12-19 18:00:57 - ojs_builder - [32mINFO[0m - main:97 - Using divisions: True
2025-12-19 18:00:57 - ojs_builder - [32mINFO[0m - main:111 - Loaded 40 tournament(s)
2025-12-19 18:00:57 - ojs_builder - [32mINFO[0m - main:118 - Loaded 10 award definitions
2025-12-19 18:00:57 - ojs_builder - [32mINFO[0m - main:126 - Loaded 417 team assignments
2025-12-19 18:01:11 - ojs_builder - [32mINFO[0m - main:135 - Building single tournament: Norfolk
2025-12-19 18:01:11 - ojs_builder - [32mINFO[0m - main:143 - 
Processing 2 tournament(s)...
2025-12-19 18:01:11 - ojs_builder - [32mINFO[0m - main:146 - =============================================
2025-12-19 18:01:11 - ojs_builder - [32mINFO[0m - main:147 -                   Norfolk D1                 
2025-12-19 18:01:11 - ojs_builder - [32mINFO[0m - main:148 - =============================================
2025-12-19 18:01:11 - ojs_builder - [32mINFO[0m - main:155 - Copying files...
2025-12-19 18:01:11 - ojs_builder - [32mINFO[0m - copy_files:115 - Copying files for tournament: Norfolk
2025-12-19 18:01:12 - ojs_builder - [32mINFO[0m - copy_files:131 - Extra files copied successfully
2025-12-19 18:01:12 - ojs_builder - [32mINFO[0m - copy_files:145 - OJS template copied to: c:\github-projects\OJS_Script_maker_NG\2025-all\tournaments\Norfolk\2025-vadc-fll-challenge-Unearthed-ojs-Norfolk-div1.xlsm
2025-12-19 18:01:12 - ojs_builder - [32mINFO[0m - main:165 - Processing OJS file: 2025-vadc-fll-challenge-Unearthed-ojs-Norfolk-div1.xlsm
2025-12-19 18:01:12 - ojs_builder - [32mINFO[0m - set_up_tapi_worksheet:40 - Setting up Team and Program Information for Norfolk
2025-12-19 18:01:12 - ojs_builder - [32mINFO[0m - set_up_tapi_worksheet:52 - Found 5 teams in Norfolk D1
2025-12-19 18:01:12 - ojs_builder - [32mINFO[0m - set_up_award_worksheet:93 - Setting up awards for Norfolk D1
2025-12-19 18:01:12 - ojs_builder - [32mINFO[0m - set_up_meta_worksheet:154 - Setting up metadata for Norfolk D1
2025-12-19 18:01:12 - ojs_builder - [32mINFO[0m - main:185 - ✓ Completed: Norfolk D1
