2025-12-19 23:15:13 - ojs_builder - [32mINFO[0m - setup_logger:79 - Logging to file: C:\github-projects\OJS_Script_maker_NG\tournament_builder_20251219_231513.log
2025-12-19 23:15:13 - ojs_builder - [32mINFO[0m - main:170 - Starting tournament folder builder
2025-12-19 23:15:13 - ojs_builder - [32mINFO[0m - load_json_without_notes:54 - ✓ Successfully loaded configuration
2025-12-19 23:15:13 - ojs_builder - [32mINFO[0m - main:227 - Opening 2025-FLL-Qualifier-Tournaments.xlsx...
2025-12-19 23:15:13 - ojs_builder - [32mINFO[0m - main:244 - Using divisions: True
2025-12-19 23:15:13 - ojs_builder - [32mINFO[0m - main:258 - Loaded 40 tournament(s)
2025-12-19 23:15:13 - ojs_builder - [32mINFO[0m - main:265 - Loaded 10 award definitions
2025-12-19 23:15:15 - ojs_builder - [32mINFO[0m - main:359 - Processing 40 tournament(s)...
2025-12-19 23:15:15 - ojs_builder - [32mINFO[0m - main:370 - Processing Newport_News D1
2025-12-19 23:15:15 - ojs_builder - [32mINFO[0m - copy_files:121 - Copying files for tournament: Newport_News
2025-12-19 23:15:15 - ojs_builder - [32mINFO[0m - copy_files:148 - Extra files copied successfully
2025-12-19 23:15:15 - ojs_builder - [32mINFO[0m - copy_files:162 - OJS template copied to: c:\github-projects\OJS_Script_maker_NG\2025-all\tournaments\Newport_News\2025-vadc-fll-challenge-Unearthed-ojs-Newport_News-div1.xlsm
2025-12-19 23:15:15 - ojs_builder - [32mINFO[0m - set_up_tapi_worksheet:40 - Setting up Team and Program Information for Newport_News
2025-12-19 23:15:15 - ojs_builder - [32mINFO[0m - set_up_tapi_worksheet:52 - Found 10 teams in Newport_News D1
2025-12-19 23:15:15 - ojs_builder - [32mINFO[0m - set_up_award_worksheet:93 - Setting up awards for Newport_News D1
2025-12-19 23:15:16 - ojs_builder - [32mINFO[0m - set_up_meta_worksheet:154 - Setting up metadata for Newport_News D1
2025-12-19 23:15:16 - ojs_builder - [32mINFO[0m - add_conditional_formats:518 - Adding conditional formats for 2025-vadc-fll-challenge-Unearthed-ojs-Newport_News-div1.xlsm
2025-12-19 23:15:16 - ojs_builder - [32mINFO[0m - hide_worksheets:621 - Hiding worksheets for 2025-vadc-fll-challenge-Unearthed-ojs-Newport_News-div1.xlsm
2025-12-19 23:15:16 - ojs_builder - [32mINFO[0m - resize_worksheets:365 - Resizing worksheets for 2025-vadc-fll-challenge-Unearthed-ojs-Newport_News-div1.xlsm
2025-12-19 23:15:16 - ojs_builder - [32mINFO[0m - protect_worksheets:600 - Protecting worksheets for 2025-vadc-fll-challenge-Unearthed-ojs-Newport_News-div1.xlsm
2025-12-19 23:15:16 - ojs_builder - [32mINFO[0m - main:430 - ✓ Completed: Newport_News D1
2025-12-19 23:15:16 - ojs_builder - [32mINFO[0m - main:370 - Processing Henrico_Godwin D1
2025-12-19 23:15:16 - ojs_builder - [32mINFO[0m - copy_files:121 - Copying files for tournament: Henrico_Godwin
2025-12-19 23:15:16 - ojs_builder - [32mINFO[0m - copy_files:148 - Extra files copied successfully
2025-12-19 23:15:16 - ojs_builder - [32mINFO[0m - copy_files:162 - OJS template copied to: c:\github-projects\OJS_Script_maker_NG\2025-all\tournaments\Henrico_Godwin\2025-vadc-fll-challenge-Unearthed-ojs-Henrico_Godwin-div1.xlsm
2025-12-19 23:15:16 - ojs_builder - [32mINFO[0m - set_up_tapi_worksheet:40 - Setting up Team and Program Information for Henrico_Godwin
2025-12-19 23:15:16 - ojs_builder - [32mINFO[0m - set_up_tapi_worksheet:52 - Found 14 teams in Henrico_Godwin D1
2025-12-19 23:15:16 - ojs_builder - [32mINFO[0m - set_up_award_worksheet:93 - Setting up awards for Henrico_Godwin D1
2025-12-19 23:15:16 - ojs_builder - [32mINFO[0m - set_up_meta_worksheet:154 - Setting up metadata for Henrico_Godwin D1
2025-12-19 23:15:16 - ojs_builder - [32mINFO[0m - add_conditional_formats:518 - Adding conditional formats for 2025-vadc-fll-challenge-Unearthed-ojs-Henrico_Godwin-div1.xlsm
2025-12-19 23:15:16 - ojs_builder - [32mINFO[0m - hide_worksheets:621 - Hiding worksheets for 2025-vadc-fll-challenge-Unearthed-ojs-Henrico_Godwin-div1.xlsm
2025-12-19 23:15:16 - ojs_builder - [32mINFO[0m - resize_worksheets:365 - Resizing worksheets for 2025-vadc-fll-challenge-Unearthed-ojs-Henrico_Godwin-div1.xlsm
2025-12-19 23:15:17 - ojs_builder - [32mINFO[0m - protect_worksheets:600 - Protecting worksheets for 2025-vadc-fll-challenge-Unearthed-ojs-Henrico_Godwin-div1.xlsm
2025-12-19 23:15:17 - ojs_builder - [32mINFO[0m - main:430 - ✓ Completed: Henrico_Godwin D1
2025-12-19 23:15:17 - ojs_builder - [32mINFO[0m - main:370 - Processing Glen_Allen D1
2025-12-19 23:15:17 - ojs_builder - [32mINFO[0m - copy_files:121 - Copying files for tournament: Glen_Allen
2025-12-19 23:15:17 - ojs_builder - [32mINFO[0m - copy_files:148 - Extra files copied successfully
2025-12-19 23:15:17 - ojs_builder - [32mINFO[0m - copy_files:162 - OJS template copied to: c:\github-projects\OJS_Script_maker_NG\2025-all\tournaments\Glen_Allen\2025-vadc-fll-challenge-Unearthed-ojs-Glen_Allen-div1.xlsm
2025-12-19 23:15:17 - ojs_builder - [32mINFO[0m - set_up_tapi_worksheet:40 - Setting up Team and Program Information for Glen_Allen
2025-12-19 23:15:17 - ojs_builder - [32mINFO[0m - set_up_tapi_worksheet:52 - Found 9 teams in Glen_Allen D1
2025-12-19 23:15:17 - ojs_builder - [32mINFO[0m - set_up_award_worksheet:93 - Setting up awards for Glen_Allen D1
2025-12-19 23:15:17 - ojs_builder - [32mINFO[0m - set_up_meta_worksheet:154 - Setting up metadata for Glen_Allen D1
2025-12-19 23:15:17 - ojs_builder - [32mINFO[0m - add_conditional_formats:518 - Adding conditional formats for 2025-vadc-fll-challenge-Unearthed-ojs-Glen_Allen-div1.xlsm
2025-12-19 23:15:17 - ojs_builder - [32mINFO[0m - hide_worksheets:621 - Hiding worksheets for 2025-vadc-fll-challenge-Unearthed-ojs-Glen_Allen-div1.xlsm
2025-12-19 23:15:17 - ojs_builder - [32mINFO[0m - resize_worksheets:365 - Resizing worksheets for 2025-vadc-fll-challenge-Unearthed-ojs-Glen_Allen-div1.xlsm
2025-12-19 23:15:17 - ojs_builder - [32mINFO[0m - protect_worksheets:600 - Protecting worksheets for 2025-vadc-fll-challenge-Unearthed-ojs-Glen_Allen-div1.xlsm
2025-12-19 23:15:17 - ojs_builder - [32mINFO[0m - main:430 - ✓ Completed: Glen_Allen D1
2025-12-19 23:15:17 - ojs_builder - [32mINFO[0m - main:370 - Processing Martinsville D1
2025-12-19 23:15:17 - ojs_builder - [32mINFO[0m - copy_files:121 - Copying files for tournament: Martinsville
2025-12-19 23:15:17 - ojs_builder - [32mINFO[0m - copy_files:148 - Extra files copied successfully
2025-12-19 23:15:17 - ojs_builder - [32mINFO[0m - copy_files:162 - OJS template copied to: c:\github-projects\OJS_Script_maker_NG\2025-all\tournaments\Martinsville\2025-vadc-fll-challenge-Unearthed-ojs-Martinsville-div1.xlsm
2025-12-19 23:15:18 - ojs_builder - [32mINFO[0m - set_up_tapi_worksheet:40 - Setting up Team and Program Information for Martinsville
2025-12-19 23:15:18 - ojs_builder - [32mINFO[0m - set_up_tapi_worksheet:52 - Found 8 teams in Martinsville D1
2025-12-19 23:15:18 - ojs_builder - [32mINFO[0m - set_up_award_worksheet:93 - Setting up awards for Martinsville D1
2025-12-19 23:15:18 - ojs_builder - [32mINFO[0m - set_up_meta_worksheet:154 - Setting up metadata for Martinsville D1
2025-12-19 23:15:18 - ojs_builder - [32mINFO[0m - add_conditional_formats:518 - Adding conditional formats for 2025-vadc-fll-challenge-Unearthed-ojs-Martinsville-div1.xlsm
2025-12-19 23:15:18 - ojs_builder - [32mINFO[0m - hide_worksheets:621 - Hiding worksheets for 2025-vadc-fll-challenge-Unearthed-ojs-Martinsville-div1.xlsm
2025-12-19 23:15:18 - ojs_builder - [32mINFO[0m - resize_worksheets:365 - Resizing worksheets for 2025-vadc-fll-challenge-Unearthed-ojs-Martinsville-div1.xlsm
2025-12-19 23:15:18 - ojs_builder - [32mINFO[0m - protect_worksheets:600 - Protecting worksheets for 2025-vadc-fll-challenge-Unearthed-ojs-Martinsville-div1.xlsm
2025-12-19 23:15:18 - ojs_builder - [32mINFO[0m - main:430 - ✓ Completed: Martinsville D1
2025-12-19 23:15:18 - ojs_builder - [32mINFO[0m - main:370 - Processing Norfolk D1
2025-12-19 23:15:18 - ojs_builder - [32mINFO[0m - copy_files:121 - Copying files for tournament: Norfolk
2025-12-19 23:15:18 - ojs_builder - [32mINFO[0m - copy_files:148 - Extra files copied successfully
2025-12-19 23:15:18 - ojs_builder - [32mINFO[0m - copy_files:162 - OJS template copied to: c:\github-projects\OJS_Script_maker_NG\2025-all\tournaments\Norfolk\2025-vadc-fll-challenge-Unearthed-ojs-Norfolk-div1.xlsm
2025-12-19 23:15:18 - ojs_builder - [32mINFO[0m - set_up_tapi_worksheet:40 - Setting up Team and Program Information for Norfolk
2025-12-19 23:15:18 - ojs_builder - [32mINFO[0m - set_up_tapi_worksheet:52 - Found 5 teams in Norfolk D1
2025-12-19 23:15:18 - ojs_builder - [32mINFO[0m - set_up_award_worksheet:93 - Setting up awards for Norfolk D1
2025-12-19 23:15:18 - ojs_builder - [32mINFO[0m - set_up_meta_worksheet:154 - Setting up metadata for Norfolk D1
2025-12-19 23:15:18 - ojs_builder - [32mINFO[0m - add_conditional_formats:518 - Adding conditional formats for 2025-vadc-fll-challenge-Unearthed-ojs-Norfolk-div1.xlsm
2025-12-19 23:15:18 - ojs_builder - [32mINFO[0m - hide_worksheets:621 - Hiding worksheets for 2025-vadc-fll-challenge-Unearthed-ojs-Norfolk-div1.xlsm
2025-12-19 23:15:18 - ojs_builder - [32mINFO[0m - resize_worksheets:365 - Resizing worksheets for 2025-vadc-fll-challenge-Unearthed-ojs-Norfolk-div1.xlsm
2025-12-19 23:15:18 - ojs_builder - [32mINFO[0m - protect_worksheets:600 - Protecting worksheets for 2025-vadc-fll-challenge-Unearthed-ojs-Norfolk-div1.xlsm
2025-12-19 23:15:18 - ojs_builder - [32mINFO[0m - main:430 - ✓ Completed: Norfolk D1
2025-12-19 23:15:18 - ojs_builder - [32mINFO[0m - main:370 - Processing Blacksburg D1
2025-12-19 23:15:18 - ojs_builder - [32mINFO[0m - copy_files:121 - Copying files for tournament: Blacksburg
2025-12-19 23:15:18 - ojs_builder - [32mINFO[0m - copy_files:148 - Extra files copied successfully
2025-12-19 23:15:18 - ojs_builder - [32mINFO[0m - copy_files:162 - OJS template copied to: c:\github-projects\OJS_Script_maker_NG\2025-all\tournaments\Blacksburg\2025-vadc-fll-challenge-Unearthed-ojs-Blacksburg-div1.xlsm
2025-12-19 23:15:19 - ojs_builder - [32mINFO[0m - set_up_tapi_worksheet:40 - Setting up Team and Program Information for Blacksburg
2025-12-19 23:15:19 - ojs_builder - [32mINFO[0m - set_up_tapi_worksheet:52 - Found 6 teams in Blacksburg D1
2025-12-19 23:15:19 - ojs_builder - [32mINFO[0m - set_up_award_worksheet:93 - Setting up awards for Blacksburg D1
2025-12-19 23:15:19 - ojs_builder - [32mINFO[0m - set_up_meta_worksheet:154 - Setting up metadata for Blacksburg D1
2025-12-19 23:15:19 - ojs_builder - [32mINFO[0m - add_conditional_formats:518 - Adding conditional formats for 2025-vadc-fll-challenge-Unearthed-ojs-Blacksburg-div1.xlsm
2025-12-19 23:15:19 - ojs_builder - [32mINFO[0m - hide_worksheets:621 - Hiding worksheets for 2025-vadc-fll-challenge-Unearthed-ojs-Blacksburg-div1.xlsm
2025-12-19 23:15:19 - ojs_builder - [32mINFO[0m - resize_worksheets:365 - Resizing worksheets for 2025-vadc-fll-challenge-Unearthed-ojs-Blacksburg-div1.xlsm
2025-12-19 23:15:19 - ojs_builder - [32mINFO[0m - protect_worksheets:600 - Protecting worksheets for 2025-vadc-fll-challenge-Unearthed-ojs-Blacksburg-div1.xlsm
2025-12-19 23:15:19 - ojs_builder - [32mINFO[0m - main:430 - ✓ Completed: Blacksburg D1
2025-12-19 23:15:19 - ojs_builder - [32mINFO[0m - main:370 - Processing Abingdon D1
2025-12-19 23:15:19 - ojs_builder - [32mINFO[0m - copy_files:121 - Copying files for tournament: Abingdon
2025-12-19 23:15:19 - ojs_builder - [32mINFO[0m - copy_files:148 - Extra files copied successfully
2025-12-19 23:15:19 - ojs_builder - [32mINFO[0m - copy_files:162 - OJS template copied to: c:\github-projects\OJS_Script_maker_NG\2025-all\tournaments\Abingdon\2025-vadc-fll-challenge-Unearthed-ojs-Abingdon-div1.xlsm
2025-12-19 23:15:19 - ojs_builder - [32mINFO[0m - set_up_tapi_worksheet:40 - Setting up Team and Program Information for Abingdon
2025-12-19 23:15:19 - ojs_builder - [32mINFO[0m - set_up_tapi_worksheet:52 - Found 16 teams in Abingdon D1
2025-12-19 23:15:19 - ojs_builder - [32mINFO[0m - set_up_award_worksheet:93 - Setting up awards for Abingdon D1
2025-12-19 23:15:19 - ojs_builder - [32mINFO[0m - set_up_meta_worksheet:154 - Setting up metadata for Abingdon D1
2025-12-19 23:15:19 - ojs_builder - [32mINFO[0m - add_conditional_formats:518 - Adding conditional formats for 2025-vadc-fll-challenge-Unearthed-ojs-Abingdon-div1.xlsm
2025-12-19 23:15:19 - ojs_builder - [32mINFO[0m - hide_worksheets:621 - Hiding worksheets for 2025-vadc-fll-challenge-Unearthed-ojs-Abingdon-div1.xlsm
2025-12-19 23:15:19 - ojs_builder - [32mINFO[0m - resize_worksheets:365 - Resizing worksheets for 2025-vadc-fll-challenge-Unearthed-ojs-Abingdon-div1.xlsm
2025-12-19 23:15:20 - ojs_builder - [32mINFO[0m - protect_worksheets:600 - Protecting worksheets for 2025-vadc-fll-challenge-Unearthed-ojs-Abingdon-div1.xlsm
2025-12-19 23:15:20 - ojs_builder - [32mINFO[0m - main:430 - ✓ Completed: Abingdon D1
2025-12-19 23:15:20 - ojs_builder - [32mINFO[0m - main:370 - Processing Charlottesville D1
2025-12-19 23:15:20 - ojs_builder - [32mINFO[0m - copy_files:121 - Copying files for tournament: Charlottesville
2025-12-19 23:15:20 - ojs_builder - [32mINFO[0m - copy_files:148 - Extra files copied successfully
2025-12-19 23:15:20 - ojs_builder - [32mINFO[0m - copy_files:162 - OJS template copied to: c:\github-projects\OJS_Script_maker_NG\2025-all\tournaments\Charlottesville\2025-vadc-fll-challenge-Unearthed-ojs-Charlottesville-div1.xlsm
2025-12-19 23:15:20 - ojs_builder - [32mINFO[0m - set_up_tapi_worksheet:40 - Setting up Team and Program Information for Charlottesville
2025-12-19 23:15:20 - ojs_builder - [32mINFO[0m - set_up_tapi_worksheet:52 - Found 5 teams in Charlottesville D1
2025-12-19 23:15:20 - ojs_builder - [32mINFO[0m - set_up_award_worksheet:93 - Setting up awards for Charlottesville D1
2025-12-19 23:15:20 - ojs_builder - [32mINFO[0m - set_up_meta_worksheet:154 - Setting up metadata for Charlottesville D1
2025-12-19 23:15:20 - ojs_builder - [32mINFO[0m - add_conditional_formats:518 - Adding conditional formats for 2025-vadc-fll-challenge-Unearthed-ojs-Charlottesville-div1.xlsm
2025-12-19 23:15:20 - ojs_builder - [32mINFO[0m - hide_worksheets:621 - Hiding worksheets for 2025-vadc-fll-challenge-Unearthed-ojs-Charlottesville-div1.xlsm
2025-12-19 23:15:20 - ojs_builder - [32mINFO[0m - resize_worksheets:365 - Resizing worksheets for 2025-vadc-fll-challenge-Unearthed-ojs-Charlottesville-div1.xlsm
2025-12-19 23:15:20 - ojs_builder - [32mINFO[0m - protect_worksheets:600 - Protecting worksheets for 2025-vadc-fll-challenge-Unearthed-ojs-Charlottesville-div1.xlsm
2025-12-19 23:15:20 - ojs_builder - [32mINFO[0m - main:430 - ✓ Completed: Charlottesville D1
2025-12-19 23:15:20 - ojs_builder - [32mINFO[0m - main:370 - Processing Manassas_1 D1
2025-12-19 23:15:20 - ojs_builder - [32mINFO[0m - copy_files:121 - Copying files for tournament: Manassas_1
2025-12-19 23:15:20 - ojs_builder - [32mINFO[0m - copy_files:148 - Extra files copied successfully
2025-12-19 23:15:20 - ojs_builder - [32mINFO[0m - copy_files:162 - OJS template copied to: c:\github-projects\OJS_Script_maker_NG\2025-all\tournaments\Manassas_1\2025-vadc-fll-challenge-Unearthed-ojs-Manassas_1-div1.xlsm
2025-12-19 23:15:20 - ojs_builder - [32mINFO[0m - set_up_tapi_worksheet:40 - Setting up Team and Program Information for Manassas_1
2025-12-19 23:15:20 - ojs_builder - [32mINFO[0m - set_up_tapi_worksheet:52 - Found 24 teams in Manassas_1 D1
2025-12-19 23:15:20 - ojs_builder - [32mINFO[0m - set_up_award_worksheet:93 - Setting up awards for Manassas_1 D1
2025-12-19 23:15:20 - ojs_builder - [32mINFO[0m - set_up_meta_worksheet:154 - Setting up metadata for Manassas_1 D1
2025-12-19 23:15:20 - ojs_builder - [32mINFO[0m - add_conditional_formats:518 - Adding conditional formats for 2025-vadc-fll-challenge-Unearthed-ojs-Manassas_1-div1.xlsm
2025-12-19 23:15:20 - ojs_builder - [32mINFO[0m - hide_worksheets:621 - Hiding worksheets for 2025-vadc-fll-challenge-Unearthed-ojs-Manassas_1-div1.xlsm
2025-12-19 23:15:20 - ojs_builder - [32mINFO[0m - resize_worksheets:365 - Resizing worksheets for 2025-vadc-fll-challenge-Unearthed-ojs-Manassas_1-div1.xlsm
2025-12-19 23:15:21 - ojs_builder - [32mINFO[0m - protect_worksheets:600 - Protecting worksheets for 2025-vadc-fll-challenge-Unearthed-ojs-Manassas_1-div1.xlsm
2025-12-19 23:15:21 - ojs_builder - [32mINFO[0m - main:430 - ✓ Completed: Manassas_1 D1
2025-12-19 23:15:21 - ojs_builder - [32mINFO[0m - main:370 - Processing Chantilly D1
2025-12-19 23:15:21 - ojs_builder - [32mINFO[0m - copy_files:121 - Copying files for tournament: Chantilly
2025-12-19 23:15:21 - ojs_builder - [32mINFO[0m - copy_files:148 - Extra files copied successfully
2025-12-19 23:15:21 - ojs_builder - [32mINFO[0m - copy_files:162 - OJS template copied to: c:\github-projects\OJS_Script_maker_NG\2025-all\tournaments\Chantilly\2025-vadc-fll-challenge-Unearthed-ojs-Chantilly-div1.xlsm
2025-12-19 23:15:21 - ojs_builder - [32mINFO[0m - set_up_tapi_worksheet:40 - Setting up Team and Program Information for Chantilly
2025-12-19 23:15:21 - ojs_builder - [32mINFO[0m - set_up_tapi_worksheet:52 - Found 9 teams in Chantilly D1
2025-12-19 23:15:21 - ojs_builder - [32mINFO[0m - set_up_award_worksheet:93 - Setting up awards for Chantilly D1
2025-12-19 23:15:21 - ojs_builder - [32mINFO[0m - set_up_meta_worksheet:154 - Setting up metadata for Chantilly D1
2025-12-19 23:15:21 - ojs_builder - [32mINFO[0m - add_conditional_formats:518 - Adding conditional formats for 2025-vadc-fll-challenge-Unearthed-ojs-Chantilly-div1.xlsm
2025-12-19 23:15:21 - ojs_builder - [32mINFO[0m - hide_worksheets:621 - Hiding worksheets for 2025-vadc-fll-challenge-Unearthed-ojs-Chantilly-div1.xlsm
2025-12-19 23:15:21 - ojs_builder - [32mINFO[0m - resize_worksheets:365 - Resizing worksheets for 2025-vadc-fll-challenge-Unearthed-ojs-Chantilly-div1.xlsm
2025-12-19 23:15:22 - ojs_builder - [32mINFO[0m - protect_worksheets:600 - Protecting worksheets for 2025-vadc-fll-challenge-Unearthed-ojs-Chantilly-div1.xlsm
2025-12-19 23:15:22 - ojs_builder - [32mINFO[0m - main:430 - ✓ Completed: Chantilly D1
2025-12-19 23:15:22 - ojs_builder - [32mINFO[0m - main:370 - Processing Manassas_2 D1
2025-12-19 23:15:22 - ojs_builder - [32mINFO[0m - copy_files:121 - Copying files for tournament: Manassas_2
2025-12-19 23:15:22 - ojs_builder - [32mINFO[0m - copy_files:148 - Extra files copied successfully
2025-12-19 23:15:22 - ojs_builder - [32mINFO[0m - copy_files:162 - OJS template copied to: c:\github-projects\OJS_Script_maker_NG\2025-all\tournaments\Manassas_2\2025-vadc-fll-challenge-Unearthed-ojs-Manassas_2-div1.xlsm
2025-12-19 23:15:22 - ojs_builder - [32mINFO[0m - set_up_tapi_worksheet:40 - Setting up Team and Program Information for Manassas_2
2025-12-19 23:15:22 - ojs_builder - [32mINFO[0m - set_up_tapi_worksheet:52 - Found 18 teams in Manassas_2 D1
2025-12-19 23:15:22 - ojs_builder - [32mINFO[0m - set_up_award_worksheet:93 - Setting up awards for Manassas_2 D1
2025-12-19 23:15:22 - ojs_builder - [32mINFO[0m - set_up_meta_worksheet:154 - Setting up metadata for Manassas_2 D1
2025-12-19 23:15:22 - ojs_builder - [32mINFO[0m - add_conditional_formats:518 - Adding conditional formats for 2025-vadc-fll-challenge-Unearthed-ojs-Manassas_2-div1.xlsm
2025-12-19 23:15:22 - ojs_builder - [32mINFO[0m - hide_worksheets:621 - Hiding worksheets for 2025-vadc-fll-challenge-Unearthed-ojs-Manassas_2-div1.xlsm
2025-12-19 23:15:22 - ojs_builder - [32mINFO[0m - resize_worksheets:365 - Resizing worksheets for 2025-vadc-fll-challenge-Unearthed-ojs-Manassas_2-div1.xlsm
2025-12-19 23:15:22 - ojs_builder - [32mINFO[0m - protect_worksheets:600 - Protecting worksheets for 2025-vadc-fll-challenge-Unearthed-ojs-Manassas_2-div1.xlsm
2025-12-19 23:15:23 - ojs_builder - [32mINFO[0m - main:430 - ✓ Completed: Manassas_2 D1
2025-12-19 23:15:23 - ojs_builder - [32mINFO[0m - main:370 - Processing Richmond D1
2025-12-19 23:15:23 - ojs_builder - [32mINFO[0m - copy_files:121 - Copying files for tournament: Richmond
2025-12-19 23:15:23 - ojs_builder - [32mINFO[0m - copy_files:148 - Extra files copied successfully
2025-12-19 23:15:23 - ojs_builder - [32mINFO[0m - copy_files:162 - OJS template copied to: c:\github-projects\OJS_Script_maker_NG\2025-all\tournaments\Richmond\2025-vadc-fll-challenge-Unearthed-ojs-Richmond-div1.xlsm
2025-12-19 23:15:23 - ojs_builder - [32mINFO[0m - set_up_tapi_worksheet:40 - Setting up Team and Program Information for Richmond
2025-12-19 23:15:23 - ojs_builder - [32mINFO[0m - set_up_tapi_worksheet:52 - Found 9 teams in Richmond D1
2025-12-19 23:15:23 - ojs_builder - [32mINFO[0m - set_up_award_worksheet:93 - Setting up awards for Richmond D1
2025-12-19 23:15:23 - ojs_builder - [32mINFO[0m - set_up_meta_worksheet:154 - Setting up metadata for Richmond D1
2025-12-19 23:15:23 - ojs_builder - [32mINFO[0m - add_conditional_formats:518 - Adding conditional formats for 2025-vadc-fll-challenge-Unearthed-ojs-Richmond-div1.xlsm
2025-12-19 23:15:23 - ojs_builder - [32mINFO[0m - hide_worksheets:621 - Hiding worksheets for 2025-vadc-fll-challenge-Unearthed-ojs-Richmond-div1.xlsm
2025-12-19 23:15:23 - ojs_builder - [32mINFO[0m - resize_worksheets:365 - Resizing worksheets for 2025-vadc-fll-challenge-Unearthed-ojs-Richmond-div1.xlsm
2025-12-19 23:15:23 - ojs_builder - [32mINFO[0m - protect_worksheets:600 - Protecting worksheets for 2025-vadc-fll-challenge-Unearthed-ojs-Richmond-div1.xlsm
2025-12-19 23:15:23 - ojs_builder - [32mINFO[0m - main:430 - ✓ Completed: Richmond D1
2025-12-19 23:15:23 - ojs_builder - [32mINFO[0m - main:370 - Processing DC-McKinley D1
2025-12-19 23:15:23 - ojs_builder - [32mINFO[0m - copy_files:121 - Copying files for tournament: DC-McKinley
2025-12-19 23:15:23 - ojs_builder - [32mINFO[0m - copy_files:148 - Extra files copied successfully
2025-12-19 23:15:23 - ojs_builder - [32mINFO[0m - copy_files:162 - OJS template copied to: c:\github-projects\OJS_Script_maker_NG\2025-all\tournaments\DC-McKinley\2025-vadc-fll-challenge-Unearthed-ojs-DC-McKinley-div1.xlsm
2025-12-19 23:15:23 - ojs_builder - [32mINFO[0m - set_up_tapi_worksheet:40 - Setting up Team and Program Information for DC-McKinley
2025-12-19 23:15:23 - ojs_builder - [32mINFO[0m - set_up_tapi_worksheet:52 - Found 11 teams in DC-McKinley D1
2025-12-19 23:15:23 - ojs_builder - [32mINFO[0m - set_up_award_worksheet:93 - Setting up awards for DC-McKinley D1
2025-12-19 23:15:23 - ojs_builder - [32mINFO[0m - set_up_meta_worksheet:154 - Setting up metadata for DC-McKinley D1
2025-12-19 23:15:23 - ojs_builder - [32mINFO[0m - add_conditional_formats:518 - Adding conditional formats for 2025-vadc-fll-challenge-Unearthed-ojs-DC-McKinley-div1.xlsm
2025-12-19 23:15:23 - ojs_builder - [32mINFO[0m - hide_worksheets:621 - Hiding worksheets for 2025-vadc-fll-challenge-Unearthed-ojs-DC-McKinley-div1.xlsm
2025-12-19 23:15:23 - ojs_builder - [32mINFO[0m - resize_worksheets:365 - Resizing worksheets for 2025-vadc-fll-challenge-Unearthed-ojs-DC-McKinley-div1.xlsm
2025-12-19 23:15:24 - ojs_builder - [32mINFO[0m - protect_worksheets:600 - Protecting worksheets for 2025-vadc-fll-challenge-Unearthed-ojs-DC-McKinley-div1.xlsm
2025-12-19 23:15:24 - ojs_builder - [32mINFO[0m - main:430 - ✓ Completed: DC-McKinley D1
2025-12-19 23:15:24 - ojs_builder - [32mINFO[0m - main:370 - Processing DC-Friendship D1
2025-12-19 23:15:24 - ojs_builder - [32mINFO[0m - copy_files:121 - Copying files for tournament: DC-Friendship
2025-12-19 23:15:24 - ojs_builder - [32mINFO[0m - copy_files:148 - Extra files copied successfully
2025-12-19 23:15:24 - ojs_builder - [32mINFO[0m - copy_files:162 - OJS template copied to: c:\github-projects\OJS_Script_maker_NG\2025-all\tournaments\DC-Friendship\2025-vadc-fll-challenge-Unearthed-ojs-DC-Friendship-div1.xlsm
2025-12-19 23:15:24 - ojs_builder - [32mINFO[0m - set_up_tapi_worksheet:40 - Setting up Team and Program Information for DC-Friendship
2025-12-19 23:15:24 - ojs_builder - [32mINFO[0m - set_up_tapi_worksheet:52 - Found 7 teams in DC-Friendship D1
2025-12-19 23:15:24 - ojs_builder - [32mINFO[0m - set_up_award_worksheet:93 - Setting up awards for DC-Friendship D1
2025-12-19 23:15:24 - ojs_builder - [32mINFO[0m - set_up_meta_worksheet:154 - Setting up metadata for DC-Friendship D1
2025-12-19 23:15:24 - ojs_builder - [32mINFO[0m - add_conditional_formats:518 - Adding conditional formats for 2025-vadc-fll-challenge-Unearthed-ojs-DC-Friendship-div1.xlsm
2025-12-19 23:15:24 - ojs_builder - [32mINFO[0m - hide_worksheets:621 - Hiding worksheets for 2025-vadc-fll-challenge-Unearthed-ojs-DC-Friendship-div1.xlsm
2025-12-19 23:15:24 - ojs_builder - [32mINFO[0m - resize_worksheets:365 - Resizing worksheets for 2025-vadc-fll-challenge-Unearthed-ojs-DC-Friendship-div1.xlsm
2025-12-19 23:15:24 - ojs_builder - [32mINFO[0m - protect_worksheets:600 - Protecting worksheets for 2025-vadc-fll-challenge-Unearthed-ojs-DC-Friendship-div1.xlsm
2025-12-19 23:15:24 - ojs_builder - [32mINFO[0m - main:430 - ✓ Completed: DC-Friendship D1
2025-12-19 23:15:24 - ojs_builder - [32mINFO[0m - main:370 - Processing Ashburn D1
2025-12-19 23:15:24 - ojs_builder - [32mINFO[0m - copy_files:121 - Copying files for tournament: Ashburn
2025-12-19 23:15:25 - ojs_builder - [32mINFO[0m - copy_files:148 - Extra files copied successfully
2025-12-19 23:15:25 - ojs_builder - [32mINFO[0m - copy_files:162 - OJS template copied to: c:\github-projects\OJS_Script_maker_NG\2025-all\tournaments\Ashburn\2025-vadc-fll-challenge-Unearthed-ojs-Ashburn-div1.xlsm
2025-12-19 23:15:25 - ojs_builder - [32mINFO[0m - set_up_tapi_worksheet:40 - Setting up Team and Program Information for Ashburn
2025-12-19 23:15:25 - ojs_builder - [32mINFO[0m - set_up_tapi_worksheet:52 - Found 12 teams in Ashburn D1
2025-12-19 23:15:25 - ojs_builder - [32mINFO[0m - set_up_award_worksheet:93 - Setting up awards for Ashburn D1
2025-12-19 23:15:25 - ojs_builder - [32mINFO[0m - set_up_meta_worksheet:154 - Setting up metadata for Ashburn D1
2025-12-19 23:15:25 - ojs_builder - [32mINFO[0m - add_conditional_formats:518 - Adding conditional formats for 2025-vadc-fll-challenge-Unearthed-ojs-Ashburn-div1.xlsm
2025-12-19 23:15:25 - ojs_builder - [32mINFO[0m - hide_worksheets:621 - Hiding worksheets for 2025-vadc-fll-challenge-Unearthed-ojs-Ashburn-div1.xlsm
2025-12-19 23:15:25 - ojs_builder - [32mINFO[0m - resize_worksheets:365 - Resizing worksheets for 2025-vadc-fll-challenge-Unearthed-ojs-Ashburn-div1.xlsm
2025-12-19 23:15:25 - ojs_builder - [32mINFO[0m - protect_worksheets:600 - Protecting worksheets for 2025-vadc-fll-challenge-Unearthed-ojs-Ashburn-div1.xlsm
2025-12-19 23:15:25 - ojs_builder - [32mINFO[0m - main:430 - ✓ Completed: Ashburn D1
2025-12-19 23:15:25 - ojs_builder - [32mINFO[0m - main:370 - Processing Alexandria D1
2025-12-19 23:15:25 - ojs_builder - [32mINFO[0m - copy_files:121 - Copying files for tournament: Alexandria
2025-12-19 23:15:25 - ojs_builder - [32mINFO[0m - copy_files:148 - Extra files copied successfully
2025-12-19 23:15:25 - ojs_builder - [32mINFO[0m - copy_files:162 - OJS template copied to: c:\github-projects\OJS_Script_maker_NG\2025-all\tournaments\Alexandria\2025-vadc-fll-challenge-Unearthed-ojs-Alexandria-div1.xlsm
2025-12-19 23:15:25 - ojs_builder - [32mINFO[0m - set_up_tapi_worksheet:40 - Setting up Team and Program Information for Alexandria
2025-12-19 23:15:25 - ojs_builder - [32mINFO[0m - set_up_tapi_worksheet:52 - Found 7 teams in Alexandria D1
2025-12-19 23:15:25 - ojs_builder - [32mINFO[0m - set_up_award_worksheet:93 - Setting up awards for Alexandria D1
2025-12-19 23:15:25 - ojs_builder - [32mINFO[0m - set_up_meta_worksheet:154 - Setting up metadata for Alexandria D1
2025-12-19 23:15:25 - ojs_builder - [32mINFO[0m - add_conditional_formats:518 - Adding conditional formats for 2025-vadc-fll-challenge-Unearthed-ojs-Alexandria-div1.xlsm
2025-12-19 23:15:25 - ojs_builder - [32mINFO[0m - hide_worksheets:621 - Hiding worksheets for 2025-vadc-fll-challenge-Unearthed-ojs-Alexandria-div1.xlsm
2025-12-19 23:15:25 - ojs_builder - [32mINFO[0m - resize_worksheets:365 - Resizing worksheets for 2025-vadc-fll-challenge-Unearthed-ojs-Alexandria-div1.xlsm
2025-12-19 23:15:26 - ojs_builder - [32mINFO[0m - protect_worksheets:600 - Protecting worksheets for 2025-vadc-fll-challenge-Unearthed-ojs-Alexandria-div1.xlsm
2025-12-19 23:15:26 - ojs_builder - [32mINFO[0m - main:430 - ✓ Completed: Alexandria D1
2025-12-19 23:15:26 - ojs_builder - [32mINFO[0m - main:370 - Processing Henrico_Freeman D1
2025-12-19 23:15:26 - ojs_builder - [32mINFO[0m - copy_files:121 - Copying files for tournament: Henrico_Freeman
2025-12-19 23:15:26 - ojs_builder - [32mINFO[0m - copy_files:148 - Extra files copied successfully
2025-12-19 23:15:26 - ojs_builder - [32mINFO[0m - copy_files:162 - OJS template copied to: c:\github-projects\OJS_Script_maker_NG\2025-all\tournaments\Henrico_Freeman\2025-vadc-fll-challenge-Unearthed-ojs-Henrico_Freeman-div1.xlsm
2025-12-19 23:15:26 - ojs_builder - [32mINFO[0m - set_up_tapi_worksheet:40 - Setting up Team and Program Information for Henrico_Freeman
2025-12-19 23:15:26 - ojs_builder - [32mINFO[0m - set_up_tapi_worksheet:52 - Found 8 teams in Henrico_Freeman D1
2025-12-19 23:15:26 - ojs_builder - [32mINFO[0m - set_up_award_worksheet:93 - Setting up awards for Henrico_Freeman D1
2025-12-19 23:15:26 - ojs_builder - [32mINFO[0m - set_up_meta_worksheet:154 - Setting up metadata for Henrico_Freeman D1
2025-12-19 23:15:26 - ojs_builder - [32mINFO[0m - add_conditional_formats:518 - Adding conditional formats for 2025-vadc-fll-challenge-Unearthed-ojs-Henrico_Freeman-div1.xlsm
2025-12-19 23:15:26 - ojs_builder - [32mINFO[0m - hide_worksheets:621 - Hiding worksheets for 2025-vadc-fll-challenge-Unearthed-ojs-Henrico_Freeman-div1.xlsm
2025-12-19 23:15:26 - ojs_builder - [32mINFO[0m - resize_worksheets:365 - Resizing worksheets for 2025-vadc-fll-challenge-Unearthed-ojs-Henrico_Freeman-div1.xlsm
2025-12-19 23:15:26 - ojs_builder - [32mINFO[0m - protect_worksheets:600 - Protecting worksheets for 2025-vadc-fll-challenge-Unearthed-ojs-Henrico_Freeman-div1.xlsm
2025-12-19 23:15:26 - ojs_builder - [32mINFO[0m - main:430 - ✓ Completed: Henrico_Freeman D1
2025-12-19 23:15:26 - ojs_builder - [32mINFO[0m - main:370 - Processing Hayfield_1 D1
2025-12-19 23:15:26 - ojs_builder - [32mINFO[0m - copy_files:121 - Copying files for tournament: Hayfield_1
2025-12-19 23:15:26 - ojs_builder - [32mINFO[0m - copy_files:148 - Extra files copied successfully
2025-12-19 23:15:26 - ojs_builder - [32mINFO[0m - copy_files:162 - OJS template copied to: c:\github-projects\OJS_Script_maker_NG\2025-all\tournaments\Hayfield_1\2025-vadc-fll-challenge-Unearthed-ojs-Hayfield_1-div1.xlsm
2025-12-19 23:15:27 - ojs_builder - [32mINFO[0m - set_up_tapi_worksheet:40 - Setting up Team and Program Information for Hayfield_1
2025-12-19 23:15:27 - ojs_builder - [32mINFO[0m - set_up_tapi_worksheet:52 - Found 10 teams in Hayfield_1 D1
2025-12-19 23:15:27 - ojs_builder - [32mINFO[0m - set_up_award_worksheet:93 - Setting up awards for Hayfield_1 D1
2025-12-19 23:15:27 - ojs_builder - [32mINFO[0m - set_up_meta_worksheet:154 - Setting up metadata for Hayfield_1 D1
2025-12-19 23:15:27 - ojs_builder - [32mINFO[0m - add_conditional_formats:518 - Adding conditional formats for 2025-vadc-fll-challenge-Unearthed-ojs-Hayfield_1-div1.xlsm
2025-12-19 23:15:27 - ojs_builder - [32mINFO[0m - hide_worksheets:621 - Hiding worksheets for 2025-vadc-fll-challenge-Unearthed-ojs-Hayfield_1-div1.xlsm
2025-12-19 23:15:27 - ojs_builder - [32mINFO[0m - resize_worksheets:365 - Resizing worksheets for 2025-vadc-fll-challenge-Unearthed-ojs-Hayfield_1-div1.xlsm
2025-12-19 23:15:27 - ojs_builder - [32mINFO[0m - protect_worksheets:600 - Protecting worksheets for 2025-vadc-fll-challenge-Unearthed-ojs-Hayfield_1-div1.xlsm
2025-12-19 23:15:27 - ojs_builder - [32mINFO[0m - main:430 - ✓ Completed: Hayfield_1 D1
2025-12-19 23:15:27 - ojs_builder - [32mINFO[0m - main:370 - Processing Hayfield_2 D1
2025-12-19 23:15:27 - ojs_builder - [32mINFO[0m - copy_files:121 - Copying files for tournament: Hayfield_2
2025-12-19 23:15:27 - ojs_builder - [32mINFO[0m - copy_files:148 - Extra files copied successfully
2025-12-19 23:15:27 - ojs_builder - [32mINFO[0m - copy_files:162 - OJS template copied to: c:\github-projects\OJS_Script_maker_NG\2025-all\tournaments\Hayfield_2\2025-vadc-fll-challenge-Unearthed-ojs-Hayfield_2-div1.xlsm
2025-12-19 23:15:27 - ojs_builder - [32mINFO[0m - set_up_tapi_worksheet:40 - Setting up Team and Program Information for Hayfield_2
2025-12-19 23:15:27 - ojs_builder - [32mINFO[0m - set_up_tapi_worksheet:52 - Found 8 teams in Hayfield_2 D1
2025-12-19 23:15:27 - ojs_builder - [32mINFO[0m - set_up_award_worksheet:93 - Setting up awards for Hayfield_2 D1
2025-12-19 23:15:27 - ojs_builder - [32mINFO[0m - set_up_meta_worksheet:154 - Setting up metadata for Hayfield_2 D1
2025-12-19 23:15:27 - ojs_builder - [32mINFO[0m - add_conditional_formats:518 - Adding conditional formats for 2025-vadc-fll-challenge-Unearthed-ojs-Hayfield_2-div1.xlsm
2025-12-19 23:15:27 - ojs_builder - [32mINFO[0m - hide_worksheets:621 - Hiding worksheets for 2025-vadc-fll-challenge-Unearthed-ojs-Hayfield_2-div1.xlsm
2025-12-19 23:15:27 - ojs_builder - [32mINFO[0m - resize_worksheets:365 - Resizing worksheets for 2025-vadc-fll-challenge-Unearthed-ojs-Hayfield_2-div1.xlsm
2025-12-19 23:15:27 - ojs_builder - [32mINFO[0m - protect_worksheets:600 - Protecting worksheets for 2025-vadc-fll-challenge-Unearthed-ojs-Hayfield_2-div1.xlsm
2025-12-19 23:15:28 - ojs_builder - [32mINFO[0m - main:430 - ✓ Completed: Hayfield_2 D1
2025-12-19 23:15:28 - ojs_builder - [32mINFO[0m - main:370 - Processing Newport_News D2
2025-12-19 23:15:28 - ojs_builder - [32mINFO[0m - copy_files:121 - Copying files for tournament: Newport_News
2025-12-19 23:15:28 - ojs_builder - [32mINFO[0m - copy_files:148 - Extra files copied successfully
2025-12-19 23:15:28 - ojs_builder - [32mINFO[0m - copy_files:162 - OJS template copied to: c:\github-projects\OJS_Script_maker_NG\2025-all\tournaments\Newport_News\2025-vadc-fll-challenge-Unearthed-ojs-Newport_News-div2.xlsm
2025-12-19 23:15:28 - ojs_builder - [32mINFO[0m - set_up_tapi_worksheet:40 - Setting up Team and Program Information for Newport_News
2025-12-19 23:15:28 - ojs_builder - [32mINFO[0m - set_up_tapi_worksheet:52 - Found 16 teams in Newport_News D2
2025-12-19 23:15:28 - ojs_builder - [32mINFO[0m - set_up_award_worksheet:93 - Setting up awards for Newport_News D2
2025-12-19 23:15:28 - ojs_builder - [32mINFO[0m - set_up_meta_worksheet:154 - Setting up metadata for Newport_News D2
2025-12-19 23:15:28 - ojs_builder - [32mINFO[0m - add_conditional_formats:518 - Adding conditional formats for 2025-vadc-fll-challenge-Unearthed-ojs-Newport_News-div2.xlsm
2025-12-19 23:15:28 - ojs_builder - [32mINFO[0m - hide_worksheets:621 - Hiding worksheets for 2025-vadc-fll-challenge-Unearthed-ojs-Newport_News-div2.xlsm
2025-12-19 23:15:28 - ojs_builder - [32mINFO[0m - resize_worksheets:365 - Resizing worksheets for 2025-vadc-fll-challenge-Unearthed-ojs-Newport_News-div2.xlsm
2025-12-19 23:15:28 - ojs_builder - [32mINFO[0m - protect_worksheets:600 - Protecting worksheets for 2025-vadc-fll-challenge-Unearthed-ojs-Newport_News-div2.xlsm
2025-12-19 23:15:28 - ojs_builder - [32mINFO[0m - main:430 - ✓ Completed: Newport_News D2
2025-12-19 23:15:28 - ojs_builder - [32mINFO[0m - main:370 - Processing Henrico_Godwin D2
2025-12-19 23:15:28 - ojs_builder - [32mINFO[0m - copy_files:121 - Copying files for tournament: Henrico_Godwin
2025-12-19 23:15:28 - ojs_builder - [32mINFO[0m - copy_files:148 - Extra files copied successfully
2025-12-19 23:15:28 - ojs_builder - [32mINFO[0m - copy_files:162 - OJS template copied to: c:\github-projects\OJS_Script_maker_NG\2025-all\tournaments\Henrico_Godwin\2025-vadc-fll-challenge-Unearthed-ojs-Henrico_Godwin-div2.xlsm
2025-12-19 23:15:29 - ojs_builder - [32mINFO[0m - set_up_tapi_worksheet:40 - Setting up Team and Program Information for Henrico_Godwin
2025-12-19 23:15:29 - ojs_builder - [32mINFO[0m - set_up_tapi_worksheet:52 - Found 10 teams in Henrico_Godwin D2
2025-12-19 23:15:29 - ojs_builder - [32mINFO[0m - set_up_award_worksheet:93 - Setting up awards for Henrico_Godwin D2
2025-12-19 23:15:29 - ojs_builder - [32mINFO[0m - set_up_meta_worksheet:154 - Setting up metadata for Henrico_Godwin D2
2025-12-19 23:15:29 - ojs_builder - [32mINFO[0m - add_conditional_formats:518 - Adding conditional formats for 2025-vadc-fll-challenge-Unearthed-ojs-Henrico_Godwin-div2.xlsm
2025-12-19 23:15:29 - ojs_builder - [32mINFO[0m - hide_worksheets:621 - Hiding worksheets for 2025-vadc-fll-challenge-Unearthed-ojs-Henrico_Godwin-div2.xlsm
2025-12-19 23:15:29 - ojs_builder - [32mINFO[0m - resize_worksheets:365 - Resizing worksheets for 2025-vadc-fll-challenge-Unearthed-ojs-Henrico_Godwin-div2.xlsm
2025-12-19 23:15:29 - ojs_builder - [32mINFO[0m - protect_worksheets:600 - Protecting worksheets for 2025-vadc-fll-challenge-Unearthed-ojs-Henrico_Godwin-div2.xlsm
2025-12-19 23:15:29 - ojs_builder - [32mINFO[0m - main:430 - ✓ Completed: Henrico_Godwin D2
2025-12-19 23:15:29 - ojs_builder - [32mINFO[0m - main:370 - Processing Glen_Allen D2
2025-12-19 23:15:29 - ojs_builder - [32mINFO[0m - copy_files:121 - Copying files for tournament: Glen_Allen
2025-12-19 23:15:29 - ojs_builder - [32mINFO[0m - copy_files:148 - Extra files copied successfully
2025-12-19 23:15:29 - ojs_builder - [32mINFO[0m - copy_files:162 - OJS template copied to: c:\github-projects\OJS_Script_maker_NG\2025-all\tournaments\Glen_Allen\2025-vadc-fll-challenge-Unearthed-ojs-Glen_Allen-div2.xlsm
2025-12-19 23:15:29 - ojs_builder - [32mINFO[0m - set_up_tapi_worksheet:40 - Setting up Team and Program Information for Glen_Allen
2025-12-19 23:15:29 - ojs_builder - [32mINFO[0m - set_up_tapi_worksheet:52 - Found 15 teams in Glen_Allen D2
2025-12-19 23:15:29 - ojs_builder - [32mINFO[0m - set_up_award_worksheet:93 - Setting up awards for Glen_Allen D2
2025-12-19 23:15:29 - ojs_builder - [32mINFO[0m - set_up_meta_worksheet:154 - Setting up metadata for Glen_Allen D2
2025-12-19 23:15:29 - ojs_builder - [32mINFO[0m - add_conditional_formats:518 - Adding conditional formats for 2025-vadc-fll-challenge-Unearthed-ojs-Glen_Allen-div2.xlsm
2025-12-19 23:15:29 - ojs_builder - [32mINFO[0m - hide_worksheets:621 - Hiding worksheets for 2025-vadc-fll-challenge-Unearthed-ojs-Glen_Allen-div2.xlsm
2025-12-19 23:15:29 - ojs_builder - [32mINFO[0m - resize_worksheets:365 - Resizing worksheets for 2025-vadc-fll-challenge-Unearthed-ojs-Glen_Allen-div2.xlsm
2025-12-19 23:15:30 - ojs_builder - [32mINFO[0m - protect_worksheets:600 - Protecting worksheets for 2025-vadc-fll-challenge-Unearthed-ojs-Glen_Allen-div2.xlsm
2025-12-19 23:15:30 - ojs_builder - [32mINFO[0m - main:430 - ✓ Completed: Glen_Allen D2
2025-12-19 23:15:30 - ojs_builder - [32mINFO[0m - main:370 - Processing Martinsville D2
2025-12-19 23:15:30 - ojs_builder - [32mINFO[0m - copy_files:121 - Copying files for tournament: Martinsville
2025-12-19 23:15:30 - ojs_builder - [32mINFO[0m - copy_files:148 - Extra files copied successfully
2025-12-19 23:15:30 - ojs_builder - [32mINFO[0m - copy_files:162 - OJS template copied to: c:\github-projects\OJS_Script_maker_NG\2025-all\tournaments\Martinsville\2025-vadc-fll-challenge-Unearthed-ojs-Martinsville-div2.xlsm
2025-12-19 23:15:30 - ojs_builder - [32mINFO[0m - set_up_tapi_worksheet:40 - Setting up Team and Program Information for Martinsville
2025-12-19 23:15:30 - ojs_builder - [32mINFO[0m - set_up_tapi_worksheet:52 - Found 11 teams in Martinsville D2
2025-12-19 23:15:30 - ojs_builder - [32mINFO[0m - set_up_award_worksheet:93 - Setting up awards for Martinsville D2
2025-12-19 23:15:30 - ojs_builder - [32mINFO[0m - set_up_meta_worksheet:154 - Setting up metadata for Martinsville D2
2025-12-19 23:15:30 - ojs_builder - [32mINFO[0m - add_conditional_formats:518 - Adding conditional formats for 2025-vadc-fll-challenge-Unearthed-ojs-Martinsville-div2.xlsm
2025-12-19 23:15:30 - ojs_builder - [32mINFO[0m - hide_worksheets:621 - Hiding worksheets for 2025-vadc-fll-challenge-Unearthed-ojs-Martinsville-div2.xlsm
2025-12-19 23:15:30 - ojs_builder - [32mINFO[0m - resize_worksheets:365 - Resizing worksheets for 2025-vadc-fll-challenge-Unearthed-ojs-Martinsville-div2.xlsm
2025-12-19 23:15:30 - ojs_builder - [32mINFO[0m - protect_worksheets:600 - Protecting worksheets for 2025-vadc-fll-challenge-Unearthed-ojs-Martinsville-div2.xlsm
2025-12-19 23:15:30 - ojs_builder - [32mINFO[0m - main:430 - ✓ Completed: Martinsville D2
2025-12-19 23:15:30 - ojs_builder - [32mINFO[0m - main:370 - Processing Norfolk D2
2025-12-19 23:15:30 - ojs_builder - [32mINFO[0m - copy_files:121 - Copying files for tournament: Norfolk
2025-12-19 23:15:30 - ojs_builder - [32mINFO[0m - copy_files:148 - Extra files copied successfully
2025-12-19 23:15:30 - ojs_builder - [32mINFO[0m - copy_files:162 - OJS template copied to: c:\github-projects\OJS_Script_maker_NG\2025-all\tournaments\Norfolk\2025-vadc-fll-challenge-Unearthed-ojs-Norfolk-div2.xlsm
2025-12-19 23:15:31 - ojs_builder - [32mINFO[0m - set_up_tapi_worksheet:40 - Setting up Team and Program Information for Norfolk
2025-12-19 23:15:31 - ojs_builder - [32mINFO[0m - set_up_tapi_worksheet:52 - Found 7 teams in Norfolk D2
2025-12-19 23:15:31 - ojs_builder - [32mINFO[0m - set_up_award_worksheet:93 - Setting up awards for Norfolk D2
2025-12-19 23:15:31 - ojs_builder - [32mINFO[0m - set_up_meta_worksheet:154 - Setting up metadata for Norfolk D2
2025-12-19 23:15:31 - ojs_builder - [32mINFO[0m - add_conditional_formats:518 - Adding conditional formats for 2025-vadc-fll-challenge-Unearthed-ojs-Norfolk-div2.xlsm
2025-12-19 23:15:31 - ojs_builder - [32mINFO[0m - hide_worksheets:621 - Hiding worksheets for 2025-vadc-fll-challenge-Unearthed-ojs-Norfolk-div2.xlsm
2025-12-19 23:15:31 - ojs_builder - [32mINFO[0m - resize_worksheets:365 - Resizing worksheets for 2025-vadc-fll-challenge-Unearthed-ojs-Norfolk-div2.xlsm
2025-12-19 23:15:31 - ojs_builder - [32mINFO[0m - protect_worksheets:600 - Protecting worksheets for 2025-vadc-fll-challenge-Unearthed-ojs-Norfolk-div2.xlsm
2025-12-19 23:15:31 - ojs_builder - [32mINFO[0m - main:430 - ✓ Completed: Norfolk D2
2025-12-19 23:15:31 - ojs_builder - [32mINFO[0m - main:370 - Processing Blacksburg D2
2025-12-19 23:15:31 - ojs_builder - [32mINFO[0m - copy_files:121 - Copying files for tournament: Blacksburg
2025-12-19 23:15:31 - ojs_builder - [32mINFO[0m - copy_files:148 - Extra files copied successfully
2025-12-19 23:15:31 - ojs_builder - [32mINFO[0m - copy_files:162 - OJS template copied to: c:\github-projects\OJS_Script_maker_NG\2025-all\tournaments\Blacksburg\2025-vadc-fll-challenge-Unearthed-ojs-Blacksburg-div2.xlsm
2025-12-19 23:15:31 - ojs_builder - [32mINFO[0m - set_up_tapi_worksheet:40 - Setting up Team and Program Information for Blacksburg
2025-12-19 23:15:31 - ojs_builder - [32mINFO[0m - set_up_tapi_worksheet:52 - Found 9 teams in Blacksburg D2
2025-12-19 23:15:31 - ojs_builder - [32mINFO[0m - set_up_award_worksheet:93 - Setting up awards for Blacksburg D2
2025-12-19 23:15:31 - ojs_builder - [32mINFO[0m - set_up_meta_worksheet:154 - Setting up metadata for Blacksburg D2
2025-12-19 23:15:31 - ojs_builder - [32mINFO[0m - add_conditional_formats:518 - Adding conditional formats for 2025-vadc-fll-challenge-Unearthed-ojs-Blacksburg-div2.xlsm
2025-12-19 23:15:31 - ojs_builder - [32mINFO[0m - hide_worksheets:621 - Hiding worksheets for 2025-vadc-fll-challenge-Unearthed-ojs-Blacksburg-div2.xlsm
2025-12-19 23:15:31 - ojs_builder - [32mINFO[0m - resize_worksheets:365 - Resizing worksheets for 2025-vadc-fll-challenge-Unearthed-ojs-Blacksburg-div2.xlsm
2025-12-19 23:15:31 - ojs_builder - [32mINFO[0m - protect_worksheets:600 - Protecting worksheets for 2025-vadc-fll-challenge-Unearthed-ojs-Blacksburg-div2.xlsm
2025-12-19 23:15:31 - ojs_builder - [32mINFO[0m - main:430 - ✓ Completed: Blacksburg D2
2025-12-19 23:15:31 - ojs_builder - [32mINFO[0m - main:370 - Processing Abingdon D2
2025-12-19 23:15:31 - ojs_builder - [32mINFO[0m - copy_files:121 - Copying files for tournament: Abingdon
2025-12-19 23:15:32 - ojs_builder - [32mINFO[0m - copy_files:148 - Extra files copied successfully
2025-12-19 23:15:32 - ojs_builder - [32mINFO[0m - copy_files:162 - OJS template copied to: c:\github-projects\OJS_Script_maker_NG\2025-all\tournaments\Abingdon\2025-vadc-fll-challenge-Unearthed-ojs-Abingdon-div2.xlsm
2025-12-19 23:15:32 - ojs_builder - [32mINFO[0m - set_up_tapi_worksheet:40 - Setting up Team and Program Information for Abingdon
2025-12-19 23:15:32 - ojs_builder - [32mINFO[0m - set_up_tapi_worksheet:52 - Found 11 teams in Abingdon D2
2025-12-19 23:15:32 - ojs_builder - [32mINFO[0m - set_up_award_worksheet:93 - Setting up awards for Abingdon D2
2025-12-19 23:15:32 - ojs_builder - [32mINFO[0m - set_up_meta_worksheet:154 - Setting up metadata for Abingdon D2
2025-12-19 23:15:32 - ojs_builder - [32mINFO[0m - add_conditional_formats:518 - Adding conditional formats for 2025-vadc-fll-challenge-Unearthed-ojs-Abingdon-div2.xlsm
2025-12-19 23:15:32 - ojs_builder - [32mINFO[0m - hide_worksheets:621 - Hiding worksheets for 2025-vadc-fll-challenge-Unearthed-ojs-Abingdon-div2.xlsm
2025-12-19 23:15:32 - ojs_builder - [32mINFO[0m - resize_worksheets:365 - Resizing worksheets for 2025-vadc-fll-challenge-Unearthed-ojs-Abingdon-div2.xlsm
2025-12-19 23:15:32 - ojs_builder - [32mINFO[0m - protect_worksheets:600 - Protecting worksheets for 2025-vadc-fll-challenge-Unearthed-ojs-Abingdon-div2.xlsm
2025-12-19 23:15:32 - ojs_builder - [32mINFO[0m - main:430 - ✓ Completed: Abingdon D2
2025-12-19 23:15:32 - ojs_builder - [32mINFO[0m - main:370 - Processing Charlottesville D2
2025-12-19 23:15:32 - ojs_builder - [32mINFO[0m - copy_files:121 - Copying files for tournament: Charlottesville
2025-12-19 23:15:32 - ojs_builder - [32mINFO[0m - copy_files:148 - Extra files copied successfully
2025-12-19 23:15:32 - ojs_builder - [32mINFO[0m - copy_files:162 - OJS template copied to: c:\github-projects\OJS_Script_maker_NG\2025-all\tournaments\Charlottesville\2025-vadc-fll-challenge-Unearthed-ojs-Charlottesville-div2.xlsm
2025-12-19 23:15:32 - ojs_builder - [32mINFO[0m - set_up_tapi_worksheet:40 - Setting up Team and Program Information for Charlottesville
2025-12-19 23:15:32 - ojs_builder - [32mINFO[0m - set_up_tapi_worksheet:52 - Found 18 teams in Charlottesville D2
2025-12-19 23:15:32 - ojs_builder - [32mINFO[0m - set_up_award_worksheet:93 - Setting up awards for Charlottesville D2
2025-12-19 23:15:32 - ojs_builder - [32mINFO[0m - set_up_meta_worksheet:154 - Setting up metadata for Charlottesville D2
2025-12-19 23:15:32 - ojs_builder - [32mINFO[0m - add_conditional_formats:518 - Adding conditional formats for 2025-vadc-fll-challenge-Unearthed-ojs-Charlottesville-div2.xlsm
2025-12-19 23:15:32 - ojs_builder - [32mINFO[0m - hide_worksheets:621 - Hiding worksheets for 2025-vadc-fll-challenge-Unearthed-ojs-Charlottesville-div2.xlsm
2025-12-19 23:15:32 - ojs_builder - [32mINFO[0m - resize_worksheets:365 - Resizing worksheets for 2025-vadc-fll-challenge-Unearthed-ojs-Charlottesville-div2.xlsm
2025-12-19 23:15:33 - ojs_builder - [32mINFO[0m - protect_worksheets:600 - Protecting worksheets for 2025-vadc-fll-challenge-Unearthed-ojs-Charlottesville-div2.xlsm
2025-12-19 23:15:33 - ojs_builder - [32mINFO[0m - main:430 - ✓ Completed: Charlottesville D2
2025-12-19 23:15:33 - ojs_builder - [32mINFO[0m - main:370 - Processing Manassas_1 D2
2025-12-19 23:15:33 - ojs_builder - [32mINFO[0m - copy_files:121 - Copying files for tournament: Manassas_1
2025-12-19 23:15:33 - ojs_builder - [32mINFO[0m - copy_files:148 - Extra files copied successfully
2025-12-19 23:15:33 - ojs_builder - [32mINFO[0m - copy_files:162 - OJS template copied to: c:\github-projects\OJS_Script_maker_NG\2025-all\tournaments\Manassas_1\2025-vadc-fll-challenge-Unearthed-ojs-Manassas_1-div2.xlsm
2025-12-19 23:15:33 - ojs_builder - [32mINFO[0m - set_up_tapi_worksheet:40 - Setting up Team and Program Information for Manassas_1
2025-12-19 23:15:33 - ojs_builder - [32mINFO[0m - set_up_tapi_worksheet:52 - Found 0 teams in Manassas_1 D2
2025-12-19 23:15:33 - ojs_builder - [31mERROR[0m - print_error:97 - Attempting to add empty or None DataFrame to table. Sheet: Team and Program Information, Table: OfficialTeamList
2025-12-19 23:15:39 - ojs_builder - [32mINFO[0m - main:430 - ✓ Completed: Manassas_1 D2
