2025-12-19 23:14:57 - ojs_builder - [32mINFO[0m - setup_logger:79 - Logging to file: C:\github-projects\OJS_Script_maker_NG\tournament_builder_20251219_231457.log
2025-12-19 23:14:57 - ojs_builder - [32mINFO[0m - main:170 - Starting tournament folder builder
2025-12-19 23:14:57 - ojs_builder - [32mINFO[0m - load_json_without_notes:54 - ✓ Successfully loaded configuration
2025-12-19 23:14:57 - ojs_builder - [32mINFO[0m - main:227 - Opening 2025-FLL-Qualifier-Tournaments.xlsx...
2025-12-19 23:14:57 - ojs_builder - [32mINFO[0m - main:244 - Using divisions: True
2025-12-19 23:14:57 - ojs_builder - [32mINFO[0m - main:258 - Loaded 40 tournament(s)
2025-12-19 23:14:57 - ojs_builder - [32mINFO[0m - main:265 - Loaded 10 award definitions
2025-12-19 23:15:05 - ojs_builder - [32mINFO[0m - main:333 - Building single tournament: Manassas_2
2025-12-19 23:15:05 - ojs_builder - [32mINFO[0m - main:359 - Processing 2 tournament(s)...
2025-12-19 23:15:05 - ojs_builder - [32mINFO[0m - main:370 - Processing Manassas_2 D1
2025-12-19 23:15:05 - ojs_builder - [32mINFO[0m - copy_files:121 - Copying files for tournament: Manassas_2
2025-12-19 23:15:05 - ojs_builder - [32mINFO[0m - copy_files:148 - Extra files copied successfully
2025-12-19 23:15:05 - ojs_builder - [32mINFO[0m - copy_files:162 - OJS template copied to: c:\github-projects\OJS_Script_maker_NG\2025-all\tournaments\Manassas_2\2025-vadc-fll-challenge-Unearthed-ojs-Manassas_2-div1.xlsm
2025-12-19 23:15:05 - ojs_builder - [32mINFO[0m - set_up_tapi_worksheet:40 - Setting up Team and Program Information for Manassas_2
2025-12-19 23:15:05 - ojs_builder - [32mINFO[0m - set_up_tapi_worksheet:52 - Found 18 teams in Manassas_2 D1
2025-12-19 23:15:05 - ojs_builder - [32mINFO[0m - set_up_award_worksheet:93 - Setting up awards for Manassas_2 D1
2025-12-19 23:15:05 - ojs_builder - [32mINFO[0m - set_up_meta_worksheet:154 - Setting up metadata for Manassas_2 D1
2025-12-19 23:15:05 - ojs_builder - [32mINFO[0m - add_conditional_formats:518 - Adding conditional formats for 2025-vadc-fll-challenge-Unearthed-ojs-Manassas_2-div1.xlsm
2025-12-19 23:15:05 - ojs_builder - [32mINFO[0m - hide_worksheets:621 - Hiding worksheets for 2025-vadc-fll-challenge-Unearthed-ojs-Manassas_2-div1.xlsm
2025-12-19 23:15:05 - ojs_builder - [32mINFO[0m - resize_worksheets:365 - Resizing worksheets for 2025-vadc-fll-challenge-Unearthed-ojs-Manassas_2-div1.xlsm
2025-12-19 23:15:06 - ojs_builder - [32mINFO[0m - protect_worksheets:600 - Protecting worksheets for 2025-vadc-fll-challenge-Unearthed-ojs-Manassas_2-div1.xlsm
2025-12-19 23:15:06 - ojs_builder - [32mINFO[0m - main:430 - ✓ Completed: Manassas_2 D1
2025-12-19 23:15:06 - ojs_builder - [32mINFO[0m - main:370 - Processing Manassas_2 D2
2025-12-19 23:15:06 - ojs_builder - [32mINFO[0m - copy_files:121 - Copying files for tournament: Manassas_2
2025-12-19 23:15:06 - ojs_builder - [32mINFO[0m - copy_files:148 - Extra files copied successfully
2025-12-19 23:15:06 - ojs_builder - [32mINFO[0m - copy_files:162 - OJS template copied to: c:\github-projects\OJS_Script_maker_NG\2025-all\tournaments\Manassas_2\2025-vadc-fll-challenge-Unearthed-ojs-Manassas_2-div2.xlsm
2025-12-19 23:15:06 - ojs_builder - [32mINFO[0m - set_up_tapi_worksheet:40 - Setting up Team and Program Information for Manassas_2
2025-12-19 23:15:06 - ojs_builder - [32mINFO[0m - set_up_tapi_worksheet:52 - Found 6 teams in Manassas_2 D2
2025-12-19 23:15:06 - ojs_builder - [32mINFO[0m - set_up_award_worksheet:93 - Setting up awards for Manassas_2 D2
2025-12-19 23:15:06 - ojs_builder - [32mINFO[0m - set_up_meta_worksheet:154 - Setting up metadata for Manassas_2 D2
2025-12-19 23:15:06 - ojs_builder - [32mINFO[0m - add_conditional_formats:518 - Adding conditional formats for 2025-vadc-fll-challenge-Unearthed-ojs-Manassas_2-div2.xlsm
2025-12-19 23:15:06 - ojs_builder - [32mINFO[0m - hide_worksheets:621 - Hiding worksheets for 2025-vadc-fll-challenge-Unearthed-ojs-Manassas_2-div2.xlsm
2025-12-19 23:15:06 - ojs_builder - [32mINFO[0m - resize_worksheets:365 - Resizing worksheets for 2025-vadc-fll-challenge-Unearthed-ojs-Manassas_2-div2.xlsm
2025-12-19 23:15:06 - ojs_builder - [32mINFO[0m - protect_worksheets:600 - Protecting worksheets for 2025-vadc-fll-challenge-Unearthed-ojs-Manassas_2-div2.xlsm
2025-12-19 23:15:07 - ojs_builder - [32mINFO[0m - main:430 - ✓ Completed: Manassas_2 D2
2025-12-19 23:15:07 - ojs_builder - [32mINFO[0m - main:437 - All tournaments processed successfully
