2025-12-19 18:07:38 - ojs_builder - [32mINFO[0m - setup_logger:78 - Logging to file: C:\github-projects\OJS_Script_maker_NG\tournament_builder_20251219_180738.log
2025-12-19 18:07:38 - ojs_builder - [32mINFO[0m - main:49 - === OJS Tournament Folder Builder ===
2025-12-19 18:07:38 - ojs_builder - [32mINFO[0m - main:50 - Working directory: c:\github-projects\OJS_Script_maker_NG\2025-all
2025-12-19 18:07:38 - ojs_builder - [36mDEBUG[0m - load_json_without_notes:51 - Loading configuration from: c:\github-projects\OJS_Script_maker_NG\2025-all\season.json
2025-12-19 18:07:38 - ojs_builder - [32mINFO[0m - load_json_without_notes:54 - Successfully loaded configuration from c:\github-projects\OJS_Script_maker_NG\2025-all\season.json
2025-12-19 18:07:38 - ojs_builder - [32mINFO[0m - main:81 - ✓ script_maker-win.exe
2025-12-19 18:07:38 - ojs_builder - [32mINFO[0m - main:81 - ✓ script_maker-mac
2025-12-19 18:07:38 - ojs_builder - [32mINFO[0m - main:81 - ✓ script_template.html.jinja
2025-12-19 18:07:38 - ojs_builder - [32mINFO[0m - main:81 - ✓ instructions.pdf
2025-12-19 18:07:38 - ojs_builder - [32mINFO[0m - main:87 - Loading tournament data from c:\github-projects\OJS_Script_maker_NG\2025-all\2025-FLL-Qualifier-Tournaments.xlsx
2025-12-19 18:07:38 - ojs_builder - [36mDEBUG[0m - read_table_as_dict:197 - Reading table 'SeasonInfo' as dictionary
2025-12-19 18:07:38 - ojs_builder - [36mDEBUG[0m - read_table_as_df:74 - Reading table 'SeasonInfo' from sheet 'SeasonInfo' in c:\github-projects\OJS_Script_maker_NG\2025-all\2025-FLL-Qualifier-Tournaments.xlsx
2025-12-19 18:07:38 - ojs_builder - [36mDEBUG[0m - read_table_as_df:168 - Read 3 rows from table 'SeasonInfo'
2025-12-19 18:07:38 - ojs_builder - [36mDEBUG[0m - read_table_as_dict:231 - Loaded 3 key-value pairs from table 'SeasonInfo'
2025-12-19 18:07:38 - ojs_builder - [32mINFO[0m - main:101 - Using divisions: True
2025-12-19 18:07:38 - ojs_builder - [36mDEBUG[0m - read_table_as_df:74 - Reading table 'DivTournamentList' from sheet 'DivTournaments' in c:\github-projects\OJS_Script_maker_NG\2025-all\2025-FLL-Qualifier-Tournaments.xlsx
2025-12-19 18:07:38 - ojs_builder - [36mDEBUG[0m - read_table_as_df:168 - Read 40 rows from table 'DivTournamentList'
2025-12-19 18:07:38 - ojs_builder - [32mINFO[0m - main:115 - Loaded 40 tournament(s)
2025-12-19 18:07:38 - ojs_builder - [36mDEBUG[0m - read_table_as_df:74 - Reading table 'AwardDef' from sheet 'AwardDef' in c:\github-projects\OJS_Script_maker_NG\2025-all\2025-FLL-Qualifier-Tournaments.xlsx
2025-12-19 18:07:39 - ojs_builder - [36mDEBUG[0m - read_table_as_df:168 - Read 10 rows from table 'AwardDef'
2025-12-19 18:07:39 - ojs_builder - [32mINFO[0m - main:122 - Loaded 10 award definitions
2025-12-19 18:07:39 - ojs_builder - [36mDEBUG[0m - read_table_as_df:74 - Reading table 'Assignments' from sheet 'Assignments' in c:\github-projects\OJS_Script_maker_NG\2025-all\2025-FLL-Qualifier-Tournaments.xlsx
2025-12-19 18:07:39 - ojs_builder - [36mDEBUG[0m - read_table_as_df:168 - Read 417 rows from table 'Assignments'
2025-12-19 18:07:39 - ojs_builder - [32mINFO[0m - main:130 - Loaded 417 team assignments
2025-12-19 18:07:45 - ojs_builder - [32mINFO[0m - main:139 - Building single tournament: Norfolk
2025-12-19 18:07:45 - ojs_builder - [32mINFO[0m - main:147 - 
Processing 2 tournament(s)...
2025-12-19 18:07:45 - ojs_builder - [32mINFO[0m - main:150 - =============================================
2025-12-19 18:07:45 - ojs_builder - [32mINFO[0m - main:151 -                   Norfolk D1                 
2025-12-19 18:07:45 - ojs_builder - [32mINFO[0m - main:152 - =============================================
2025-12-19 18:07:45 - ojs_builder - [36mDEBUG[0m - create_folder:78 - Folder already exists: c:\github-projects\OJS_Script_maker_NG\2025-all\tournaments\Norfolk
2025-12-19 18:07:45 - ojs_builder - [32mINFO[0m - main:159 - Copying files...
2025-12-19 18:07:45 - ojs_builder - [32mINFO[0m - copy_files:115 - Copying files for tournament: Norfolk
2025-12-19 18:07:45 - ojs_builder - [36mDEBUG[0m - copy_files:125 - Copied script_maker-win.exe to c:\github-projects\OJS_Script_maker_NG\2025-all\tournaments\Norfolk
2025-12-19 18:07:45 - ojs_builder - [36mDEBUG[0m - copy_files:125 - Copied script_maker-mac to c:\github-projects\OJS_Script_maker_NG\2025-all\tournaments\Norfolk
2025-12-19 18:07:45 - ojs_builder - [36mDEBUG[0m - copy_files:125 - Copied script_template.html.jinja to c:\github-projects\OJS_Script_maker_NG\2025-all\tournaments\Norfolk
2025-12-19 18:07:45 - ojs_builder - [36mDEBUG[0m - copy_files:125 - Copied instructions.pdf to c:\github-projects\OJS_Script_maker_NG\2025-all\tournaments\Norfolk
2025-12-19 18:07:45 - ojs_builder - [32mINFO[0m - copy_files:131 - Extra files copied successfully
2025-12-19 18:07:45 - ojs_builder - [32mINFO[0m - copy_files:145 - OJS template copied to: c:\github-projects\OJS_Script_maker_NG\2025-all\tournaments\Norfolk\2025-vadc-fll-challenge-Unearthed-ojs-Norfolk-div1.xlsm
2025-12-19 18:07:45 - ojs_builder - [32mINFO[0m - main:169 - Processing OJS file: 2025-vadc-fll-challenge-Unearthed-ojs-Norfolk-div1.xlsm
2025-12-19 18:07:45 - ojs_builder - [32mINFO[0m - set_up_tapi_worksheet:40 - Setting up Team and Program Information for Norfolk
2025-12-19 18:07:45 - ojs_builder - [32mINFO[0m - set_up_tapi_worksheet:52 - Found 5 teams in Norfolk D1
2025-12-19 18:07:45 - ojs_builder - [36mDEBUG[0m - add_table_dataframe:277 - Adding 5 rows to table 'OfficialTeamList' on sheet 'Team and Program Information'
2025-12-19 18:07:45 - ojs_builder - [36mDEBUG[0m - add_table_dataframe:341 - Wrote 5 rows to table 'OfficialTeamList'
2025-12-19 18:07:45 - ojs_builder - [32mINFO[0m - set_up_award_worksheet:93 - Setting up awards for Norfolk D1
2025-12-19 18:07:45 - ojs_builder - [36mDEBUG[0m - add_table_dataframe:277 - Adding 3 rows to table 'RobotGameAwards' on sheet 'AwardListDropdowns'
2025-12-19 18:07:45 - ojs_builder - [36mDEBUG[0m - add_table_dataframe:341 - Wrote 3 rows to table 'RobotGameAwards'
2025-12-19 18:07:45 - ojs_builder - [36mDEBUG[0m - add_table_dataframe:277 - Adding 24 rows to table 'AwardListDropdowns' on sheet 'AwardListDropdowns'
2025-12-19 18:07:45 - ojs_builder - [36mDEBUG[0m - add_table_dataframe:341 - Wrote 24 rows to table 'AwardListDropdowns'
2025-12-19 18:07:45 - ojs_builder - [36mDEBUG[0m - set_up_award_worksheet:134 - Added 3 robot game awards and 24 judged awards
2025-12-19 18:07:45 - ojs_builder - [32mINFO[0m - set_up_meta_worksheet:154 - Setting up metadata for Norfolk D1
2025-12-19 18:07:45 - ojs_builder - [36mDEBUG[0m - add_table_dataframe:277 - Adding 8 rows to table 'Meta' on sheet 'Meta'
2025-12-19 18:07:45 - ojs_builder - [36mDEBUG[0m - add_table_dataframe:341 - Wrote 8 rows to table 'Meta'
2025-12-19 18:07:45 - ojs_builder - [32mINFO[0m - add_conditional_formats:518 - Adding conditional formats for 2025-vadc-fll-challenge-Unearthed-ojs-Norfolk-div1.xlsm
2025-12-19 18:07:45 - ojs_builder - [36mDEBUG[0m - add_conditional_formats:590 - Conditional formatting applied
2025-12-19 18:07:45 - ojs_builder - [36mDEBUG[0m - copy_award_def:507 - Adding award definitions table
2025-12-19 18:07:45 - ojs_builder - [36mDEBUG[0m - add_table_dataframe:277 - Adding 10 rows to table 'AwardDef' on sheet 'AwardDef'
2025-12-19 18:07:45 - ojs_builder - [36mDEBUG[0m - add_table_dataframe:341 - Wrote 10 rows to table 'AwardDef'
2025-12-19 18:07:45 - ojs_builder - [32mINFO[0m - hide_worksheets:621 - Hiding worksheets for 2025-vadc-fll-challenge-Unearthed-ojs-Norfolk-div1.xlsm
2025-12-19 18:07:45 - ojs_builder - [36mDEBUG[0m - hide_worksheets:628 - Hid worksheet: Data Validation
2025-12-19 18:07:45 - ojs_builder - [36mDEBUG[0m - hide_worksheets:628 - Hid worksheet: Meta
2025-12-19 18:07:45 - ojs_builder - [36mDEBUG[0m - hide_worksheets:628 - Hid worksheet: AwardListDropdowns
2025-12-19 18:07:45 - ojs_builder - [36mDEBUG[0m - hide_worksheets:628 - Hid worksheet: AwardDef
2025-12-19 18:07:45 - ojs_builder - [32mINFO[0m - resize_worksheets:365 - Resizing worksheets for 2025-vadc-fll-challenge-Unearthed-ojs-Norfolk-div1.xlsm
2025-12-19 18:07:45 - ojs_builder - [36mDEBUG[0m - copy_team_numbers:243 - copy_team_numbers: copied 5 rows
2025-12-19 18:07:45 - ojs_builder - [36mDEBUG[0m - copy_team_numbers:243 - copy_team_numbers: copied 5 rows
2025-12-19 18:07:45 - ojs_builder - [36mDEBUG[0m - copy_team_numbers:243 - copy_team_numbers: copied 5 rows
2025-12-19 18:07:45 - ojs_builder - [36mDEBUG[0m - copy_team_numbers:243 - copy_team_numbers: copied 5 rows
2025-12-19 18:07:45 - ojs_builder - [36mDEBUG[0m - copy_team_numbers:243 - copy_team_numbers: copied 5 rows
2025-12-19 18:07:45 - ojs_builder - [36mDEBUG[0m - resize_worksheets:427 - Resized table RobotGameScores: A1:F6
2025-12-19 18:07:45 - ojs_builder - [36mDEBUG[0m - resize_worksheets:427 - Resized table InnovationProjectResults: A1:O6
2025-12-19 18:07:45 - ojs_builder - [36mDEBUG[0m - resize_worksheets:427 - Resized table RobotDesignResults: A1:O6
2025-12-19 18:07:46 - ojs_builder - [36mDEBUG[0m - resize_worksheets:427 - Resized table CoreValuesResults: A1:T6
2025-12-19 18:07:46 - ojs_builder - [36mDEBUG[0m - resize_worksheets:427 - Resized table TournamentData: A2:W7
2025-12-19 18:07:46 - ojs_builder - [36mDEBUG[0m - resize_worksheets:496 - Worksheet resizing complete
2025-12-19 18:07:46 - ojs_builder - [32mINFO[0m - protect_worksheets:600 - Protecting worksheets for 2025-vadc-fll-challenge-Unearthed-ojs-Norfolk-div1.xlsm
2025-12-19 18:07:46 - ojs_builder - [36mDEBUG[0m - protect_worksheets:611 - Worksheet protection applied
2025-12-19 18:07:46 - ojs_builder - [32mINFO[0m - main:185 - ✓ Completed: Norfolk D1
2025-12-19 18:07:46 - ojs_builder - [32mINFO[0m - main:150 - =============================================
2025-12-19 18:07:46 - ojs_builder - [32mINFO[0m - main:151 -                   Norfolk D2                 
2025-12-19 18:07:46 - ojs_builder - [32mINFO[0m - main:152 - =============================================
2025-12-19 18:07:46 - ojs_builder - [36mDEBUG[0m - create_folder:78 - Folder already exists: c:\github-projects\OJS_Script_maker_NG\2025-all\tournaments\Norfolk
2025-12-19 18:07:46 - ojs_builder - [32mINFO[0m - main:159 - Copying files...
2025-12-19 18:07:46 - ojs_builder - [32mINFO[0m - copy_files:115 - Copying files for tournament: Norfolk
2025-12-19 18:07:46 - ojs_builder - [36mDEBUG[0m - copy_files:125 - Copied script_maker-win.exe to c:\github-projects\OJS_Script_maker_NG\2025-all\tournaments\Norfolk
2025-12-19 18:07:46 - ojs_builder - [36mDEBUG[0m - copy_files:125 - Copied script_maker-mac to c:\github-projects\OJS_Script_maker_NG\2025-all\tournaments\Norfolk
2025-12-19 18:07:46 - ojs_builder - [36mDEBUG[0m - copy_files:125 - Copied script_template.html.jinja to c:\github-projects\OJS_Script_maker_NG\2025-all\tournaments\Norfolk
2025-12-19 18:07:46 - ojs_builder - [36mDEBUG[0m - copy_files:125 - Copied instructions.pdf to c:\github-projects\OJS_Script_maker_NG\2025-all\tournaments\Norfolk
2025-12-19 18:07:46 - ojs_builder - [32mINFO[0m - copy_files:131 - Extra files copied successfully
2025-12-19 18:07:46 - ojs_builder - [32mINFO[0m - copy_files:145 - OJS template copied to: c:\github-projects\OJS_Script_maker_NG\2025-all\tournaments\Norfolk\2025-vadc-fll-challenge-Unearthed-ojs-Norfolk-div2.xlsm
2025-12-19 18:07:46 - ojs_builder - [32mINFO[0m - main:169 - Processing OJS file: 2025-vadc-fll-challenge-Unearthed-ojs-Norfolk-div2.xlsm
2025-12-19 18:07:46 - ojs_builder - [32mINFO[0m - set_up_tapi_worksheet:40 - Setting up Team and Program Information for Norfolk
2025-12-19 18:07:46 - ojs_builder - [32mINFO[0m - set_up_tapi_worksheet:52 - Found 7 teams in Norfolk D2
2025-12-19 18:07:46 - ojs_builder - [36mDEBUG[0m - add_table_dataframe:277 - Adding 7 rows to table 'OfficialTeamList' on sheet 'Team and Program Information'
2025-12-19 18:07:46 - ojs_builder - [36mDEBUG[0m - add_table_dataframe:341 - Wrote 7 rows to table 'OfficialTeamList'
2025-12-19 18:07:46 - ojs_builder - [32mINFO[0m - set_up_award_worksheet:93 - Setting up awards for Norfolk D2
2025-12-19 18:07:46 - ojs_builder - [36mDEBUG[0m - add_table_dataframe:277 - Adding 3 rows to table 'RobotGameAwards' on sheet 'AwardListDropdowns'
2025-12-19 18:07:46 - ojs_builder - [36mDEBUG[0m - add_table_dataframe:341 - Wrote 3 rows to table 'RobotGameAwards'
2025-12-19 18:07:46 - ojs_builder - [36mDEBUG[0m - add_table_dataframe:277 - Adding 14 rows to table 'AwardListDropdowns' on sheet 'AwardListDropdowns'
2025-12-19 18:07:46 - ojs_builder - [36mDEBUG[0m - add_table_dataframe:341 - Wrote 14 rows to table 'AwardListDropdowns'
2025-12-19 18:07:46 - ojs_builder - [36mDEBUG[0m - set_up_award_worksheet:134 - Added 3 robot game awards and 14 judged awards
2025-12-19 18:07:46 - ojs_builder - [32mINFO[0m - set_up_meta_worksheet:154 - Setting up metadata for Norfolk D2
2025-12-19 18:07:46 - ojs_builder - [36mDEBUG[0m - add_table_dataframe:277 - Adding 8 rows to table 'Meta' on sheet 'Meta'
2025-12-19 18:07:46 - ojs_builder - [36mDEBUG[0m - add_table_dataframe:341 - Wrote 8 rows to table 'Meta'
2025-12-19 18:07:46 - ojs_builder - [32mINFO[0m - add_conditional_formats:518 - Adding conditional formats for 2025-vadc-fll-challenge-Unearthed-ojs-Norfolk-div2.xlsm
2025-12-19 18:07:46 - ojs_builder - [36mDEBUG[0m - add_conditional_formats:590 - Conditional formatting applied
2025-12-19 18:07:46 - ojs_builder - [36mDEBUG[0m - copy_award_def:507 - Adding award definitions table
2025-12-19 18:07:46 - ojs_builder - [36mDEBUG[0m - add_table_dataframe:277 - Adding 10 rows to table 'AwardDef' on sheet 'AwardDef'
2025-12-19 18:07:46 - ojs_builder - [36mDEBUG[0m - add_table_dataframe:341 - Wrote 10 rows to table 'AwardDef'
2025-12-19 18:07:46 - ojs_builder - [32mINFO[0m - hide_worksheets:621 - Hiding worksheets for 2025-vadc-fll-challenge-Unearthed-ojs-Norfolk-div2.xlsm
2025-12-19 18:07:46 - ojs_builder - [36mDEBUG[0m - hide_worksheets:628 - Hid worksheet: Data Validation
2025-12-19 18:07:46 - ojs_builder - [36mDEBUG[0m - hide_worksheets:628 - Hid worksheet: Meta
2025-12-19 18:07:46 - ojs_builder - [36mDEBUG[0m - hide_worksheets:628 - Hid worksheet: AwardListDropdowns
2025-12-19 18:07:46 - ojs_builder - [36mDEBUG[0m - hide_worksheets:628 - Hid worksheet: AwardDef
2025-12-19 18:07:46 - ojs_builder - [32mINFO[0m - resize_worksheets:365 - Resizing worksheets for 2025-vadc-fll-challenge-Unearthed-ojs-Norfolk-div2.xlsm
2025-12-19 18:07:46 - ojs_builder - [36mDEBUG[0m - copy_team_numbers:243 - copy_team_numbers: copied 7 rows
2025-12-19 18:07:46 - ojs_builder - [36mDEBUG[0m - copy_team_numbers:243 - copy_team_numbers: copied 7 rows
2025-12-19 18:07:46 - ojs_builder - [36mDEBUG[0m - copy_team_numbers:243 - copy_team_numbers: copied 7 rows
2025-12-19 18:07:46 - ojs_builder - [36mDEBUG[0m - copy_team_numbers:243 - copy_team_numbers: copied 7 rows
2025-12-19 18:07:46 - ojs_builder - [36mDEBUG[0m - copy_team_numbers:243 - copy_team_numbers: copied 7 rows
2025-12-19 18:07:46 - ojs_builder - [36mDEBUG[0m - resize_worksheets:427 - Resized table RobotGameScores: A1:F8
2025-12-19 18:07:46 - ojs_builder - [36mDEBUG[0m - resize_worksheets:427 - Resized table InnovationProjectResults: A1:O8
2025-12-19 18:07:46 - ojs_builder - [36mDEBUG[0m - resize_worksheets:427 - Resized table RobotDesignResults: A1:O8
2025-12-19 18:07:46 - ojs_builder - [36mDEBUG[0m - resize_worksheets:427 - Resized table CoreValuesResults: A1:T8
2025-12-19 18:07:46 - ojs_builder - [36mDEBUG[0m - resize_worksheets:427 - Resized table TournamentData: A2:W9
2025-12-19 18:07:46 - ojs_builder - [36mDEBUG[0m - resize_worksheets:496 - Worksheet resizing complete
2025-12-19 18:07:46 - ojs_builder - [32mINFO[0m - protect_worksheets:600 - Protecting worksheets for 2025-vadc-fll-challenge-Unearthed-ojs-Norfolk-div2.xlsm
2025-12-19 18:07:46 - ojs_builder - [36mDEBUG[0m - protect_worksheets:611 - Worksheet protection applied
2025-12-19 18:07:46 - ojs_builder - [32mINFO[0m - main:185 - ✓ Completed: Norfolk D2
2025-12-19 18:07:46 - ojs_builder - [32mINFO[0m - main:187 - 
=============================================
2025-12-19 18:07:46 - ojs_builder - [32mINFO[0m - main:188 - All tournaments processed successfully!
2025-12-19 18:07:46 - ojs_builder - [32mINFO[0m - main:189 - =============================================
