2025-12-19 23:15:45 - ojs_builder - [32mINFO[0m - setup_logger:79 - Logging to file: C:\github-projects\OJS_Script_maker_NG\tournament_builder_20251219_231545.log
2025-12-19 23:15:45 - ojs_builder - [32mINFO[0m - main:170 - Starting tournament folder builder
2025-12-19 23:15:45 - ojs_builder - [32mINFO[0m - load_json_without_notes:54 - ✓ Successfully loaded configuration
2025-12-19 23:15:45 - ojs_builder - [32mINFO[0m - main:227 - Opening 2025-FLL-Qualifier-Tournaments.xlsx...
2025-12-19 23:15:45 - ojs_builder - [32mINFO[0m - main:244 - Using divisions: True
2025-12-19 23:15:45 - ojs_builder - [32mINFO[0m - main:258 - Loaded 40 tournament(s)
2025-12-19 23:15:45 - ojs_builder - [32mINFO[0m - main:265 - Loaded 10 award definitions
2025-12-19 23:15:50 - ojs_builder - [32mINFO[0m - main:333 - Building single tournament: Manassas_1
2025-12-19 23:15:50 - ojs_builder - [32mINFO[0m - main:359 - Processing 2 tournament(s)...
2025-12-19 23:15:50 - ojs_builder - [32mINFO[0m - main:370 - Processing Manassas_1 D1
2025-12-19 23:15:50 - ojs_builder - [32mINFO[0m - copy_files:121 - Copying files for tournament: Manassas_1
2025-12-19 23:15:50 - ojs_builder - [32mINFO[0m - copy_files:148 - Extra files copied successfully
2025-12-19 23:15:50 - ojs_builder - [32mINFO[0m - copy_files:162 - OJS template copied to: c:\github-projects\OJS_Script_maker_NG\2025-all\tournaments\Manassas_1\2025-vadc-fll-challenge-Unearthed-ojs-Manassas_1-div1.xlsm
2025-12-19 23:15:50 - ojs_builder - [32mINFO[0m - set_up_tapi_worksheet:40 - Setting up Team and Program Information for Manassas_1
2025-12-19 23:15:50 - ojs_builder - [32mINFO[0m - set_up_tapi_worksheet:52 - Found 24 teams in Manassas_1 D1
2025-12-19 23:15:50 - ojs_builder - [32mINFO[0m - set_up_award_worksheet:93 - Setting up awards for Manassas_1 D1
2025-12-19 23:15:50 - ojs_builder - [32mINFO[0m - set_up_meta_worksheet:154 - Setting up metadata for Manassas_1 D1
2025-12-19 23:15:50 - ojs_builder - [32mINFO[0m - add_conditional_formats:518 - Adding conditional formats for 2025-vadc-fll-challenge-Unearthed-ojs-Manassas_1-div1.xlsm
2025-12-19 23:15:50 - ojs_builder - [32mINFO[0m - hide_worksheets:621 - Hiding worksheets for 2025-vadc-fll-challenge-Unearthed-ojs-Manassas_1-div1.xlsm
2025-12-19 23:15:50 - ojs_builder - [32mINFO[0m - resize_worksheets:365 - Resizing worksheets for 2025-vadc-fll-challenge-Unearthed-ojs-Manassas_1-div1.xlsm
2025-12-19 23:15:51 - ojs_builder - [32mINFO[0m - protect_worksheets:600 - Protecting worksheets for 2025-vadc-fll-challenge-Unearthed-ojs-Manassas_1-div1.xlsm
2025-12-19 23:15:51 - ojs_builder - [32mINFO[0m - main:430 - ✓ Completed: Manassas_1 D1
2025-12-19 23:15:51 - ojs_builder - [32mINFO[0m - main:370 - Processing Manassas_1 D2
2025-12-19 23:15:51 - ojs_builder - [32mINFO[0m - copy_files:121 - Copying files for tournament: Manassas_1
2025-12-19 23:15:51 - ojs_builder - [32mINFO[0m - copy_files:148 - Extra files copied successfully
2025-12-19 23:15:51 - ojs_builder - [32mINFO[0m - copy_files:162 - OJS template copied to: c:\github-projects\OJS_Script_maker_NG\2025-all\tournaments\Manassas_1\2025-vadc-fll-challenge-Unearthed-ojs-Manassas_1-div2.xlsm
2025-12-19 23:15:51 - ojs_builder - [32mINFO[0m - set_up_tapi_worksheet:40 - Setting up Team and Program Information for Manassas_1
2025-12-19 23:15:51 - ojs_builder - [32mINFO[0m - set_up_tapi_worksheet:52 - Found 0 teams in Manassas_1 D2
2025-12-19 23:15:51 - ojs_builder - [31mERROR[0m - print_error:97 - Attempting to add empty or None DataFrame to table. Sheet: Team and Program Information, Table: OfficialTeamList
2025-12-19 23:15:53 - ojs_builder - [32mINFO[0m - main:430 - ✓ Completed: Manassas_1 D2
