2025-12-19 23:04:47 - ojs_builder - [32mINFO[0m - setup_logger:79 - Logging to file: C:\github-projects\OJS_Script_maker_NG\tournament_builder_20251219_230447.log
2025-12-19 23:04:47 - ojs_builder - [32mINFO[0m - print_info:110 - Working directory: c:\github-projects\OJS_Script_maker_NG\2025-all
2025-12-19 23:04:47 - ojs_builder - [32mINFO[0m - load_json_without_notes:54 - ✓ Successfully loaded configuration
2025-12-19 23:04:47 - ojs_builder - [32mINFO[0m - print_success:98 - Configuration loaded
2025-12-19 23:04:47 - ojs_builder - [32mINFO[0m - main:157 - Opening 2025-FLL-Qualifier-Tournaments.xlsx...
2025-12-19 23:04:47 - ojs_builder - [32mINFO[0m - print_success:98 - Tournament file opened successfully
2025-12-19 23:04:47 - ojs_builder - [32mINFO[0m - main:173 - Using divisions: True
2025-12-19 23:04:47 - ojs_builder - [32mINFO[0m - main:187 - Loaded 40 tournament(s)
2025-12-19 23:04:47 - ojs_builder - [32mINFO[0m - main:194 - Loaded 10 award definitions
2025-12-19 23:04:47 - ojs_builder - [32mINFO[0m - print_success:98 - Loaded 417 team assignments
2025-12-19 23:04:47 - ojs_builder - [32mINFO[0m - print_info:110 - Available tournaments: Newport_News, Henrico_Godwin, Glen_Allen, Martinsville, Norfolk, Blacksburg, Abingdon, Charlottesville, Manassas_1, Chantilly, Manassas_2, Richmond, DC-McKinley, DC-Friendship, Ashburn, Alexandria, Henrico_Freeman, Hayfield_1, Hayfield_2, Newport_News, Henrico_Godwin, Glen_Allen, Martinsville, Norfolk, Blacksburg, Abingdon, Charlottesville, Manassas_1, Chantilly, Manassas_2, Richmond, DC-McKinley, DC-Friendship, Ashburn, Alexandria, Henrico_Freeman, Hayfield_1, Hayfield_2, Test, Test
2025-12-19 23:04:54 - ojs_builder - [32mINFO[0m - print_success:98 - Building single tournament: Norfolk
2025-12-19 23:04:54 - ojs_builder - [32mINFO[0m - print_info:110 - Tournaments to process: 2
2025-12-19 23:05:01 - ojs_builder - [32mINFO[0m - create_folder:83 - ✓ Created folder: c:\github-projects\OJS_Script_maker_NG\2025-all\tournaments\Norfolk
2025-12-19 23:05:01 - ojs_builder - [32mINFO[0m - copy_files:121 - Copying files for tournament: Norfolk
2025-12-19 23:05:01 - ojs_builder - [32mINFO[0m - copy_files:148 - Extra files copied successfully
2025-12-19 23:05:01 - ojs_builder - [32mINFO[0m - copy_files:162 - OJS template copied to: c:\github-projects\OJS_Script_maker_NG\2025-all\tournaments\Norfolk\2025-vadc-fll-challenge-Unearthed-ojs-Norfolk-div1.xlsm
2025-12-19 23:05:01 - ojs_builder - [32mINFO[0m - set_up_tapi_worksheet:40 - Setting up Team and Program Information for Norfolk
2025-12-19 23:05:01 - ojs_builder - [32mINFO[0m - set_up_tapi_worksheet:52 - Found 5 teams in Norfolk D1
2025-12-19 23:05:01 - ojs_builder - [32mINFO[0m - set_up_award_worksheet:93 - Setting up awards for Norfolk D1
2025-12-19 23:05:01 - ojs_builder - [32mINFO[0m - set_up_meta_worksheet:154 - Setting up metadata for Norfolk D1
2025-12-19 23:05:02 - ojs_builder - [32mINFO[0m - add_conditional_formats:518 - Adding conditional formats for 2025-vadc-fll-challenge-Unearthed-ojs-Norfolk-div1.xlsm
2025-12-19 23:05:02 - ojs_builder - [32mINFO[0m - hide_worksheets:621 - Hiding worksheets for 2025-vadc-fll-challenge-Unearthed-ojs-Norfolk-div1.xlsm
2025-12-19 23:05:02 - ojs_builder - [32mINFO[0m - resize_worksheets:365 - Resizing worksheets for 2025-vadc-fll-challenge-Unearthed-ojs-Norfolk-div1.xlsm
2025-12-19 23:05:02 - ojs_builder - [32mINFO[0m - protect_worksheets:600 - Protecting worksheets for 2025-vadc-fll-challenge-Unearthed-ojs-Norfolk-div1.xlsm
2025-12-19 23:05:02 - ojs_builder - [32mINFO[0m - complete:37 - ✓ Norfolk D1 complete!
2025-12-19 23:05:02 - ojs_builder - [32mINFO[0m - copy_files:121 - Copying files for tournament: Norfolk
2025-12-19 23:05:02 - ojs_builder - [32mINFO[0m - copy_files:148 - Extra files copied successfully
2025-12-19 23:05:02 - ojs_builder - [32mINFO[0m - copy_files:162 - OJS template copied to: c:\github-projects\OJS_Script_maker_NG\2025-all\tournaments\Norfolk\2025-vadc-fll-challenge-Unearthed-ojs-Norfolk-div2.xlsm
2025-12-19 23:05:02 - ojs_builder - [32mINFO[0m - set_up_tapi_worksheet:40 - Setting up Team and Program Information for Norfolk
2025-12-19 23:05:02 - ojs_builder - [32mINFO[0m - set_up_tapi_worksheet:52 - Found 7 teams in Norfolk D2
2025-12-19 23:05:02 - ojs_builder - [32mINFO[0m - set_up_award_worksheet:93 - Setting up awards for Norfolk D2
2025-12-19 23:05:02 - ojs_builder - [32mINFO[0m - set_up_meta_worksheet:154 - Setting up metadata for Norfolk D2
2025-12-19 23:05:02 - ojs_builder - [32mINFO[0m - add_conditional_formats:518 - Adding conditional formats for 2025-vadc-fll-challenge-Unearthed-ojs-Norfolk-div2.xlsm
2025-12-19 23:05:02 - ojs_builder - [32mINFO[0m - hide_worksheets:621 - Hiding worksheets for 2025-vadc-fll-challenge-Unearthed-ojs-Norfolk-div2.xlsm
2025-12-19 23:05:02 - ojs_builder - [32mINFO[0m - resize_worksheets:365 - Resizing worksheets for 2025-vadc-fll-challenge-Unearthed-ojs-Norfolk-div2.xlsm
2025-12-19 23:05:02 - ojs_builder - [32mINFO[0m - protect_worksheets:600 - Protecting worksheets for 2025-vadc-fll-challenge-Unearthed-ojs-Norfolk-div2.xlsm
2025-12-19 23:05:02 - ojs_builder - [32mINFO[0m - complete:37 - ✓ Norfolk D2 complete!
2025-12-19 23:05:02 - ojs_builder - [32mINFO[0m - main:311 - All tournaments processed successfully
